东城=110101
西城=110102
朝阳=110105
丰台=110106
石景山=110107
海淀=110108
门头沟=110109
房山=110111
通州=110112
顺义=110113
昌平=110114
大兴=110115
怀柔=110116
平谷=110117
密云=110118
延庆=110119
和平=120101
河东=120102
河西=120103
南开=120104
河北=120105
红桥=120106
东丽=120110
西青=120111
津南=120112
北辰=120113
武清=120114
宝坻=120115
滨海新=120116
宁河=120117
静海=120118
蓟县=120225
长安=130102
桥西=130104
新华=130105
井陉=130107
裕华=130108
藁城=130109
鹿泉=130110
栾城=130111
井陉=130121
正定=130123
行唐=130125
灵寿=130126
高邑=130127
深泽=130128
赞皇=130129
无极=130130
平山=130131
元氏=130132
赵县=130133
辛集=130181
晋州=130183
新乐=130184
路南=130202
路北=130203
古冶=130204
开平=130205
丰南=130207
丰润=130208
曹妃甸=130209
滦县=130223
滦南=130224
乐亭=130225
迁西=130227
玉田=130229
遵化=130281
迁安=130283
海港=130302
山海关=130303
北戴河=130304
抚宁=130306
青龙=130321
昌黎=130322
卢龙=130324
邯山=130402
丛台=130403
复兴=130404
峰峰=130406
邯郸=130421
临漳=130423
成安=130424
大名=130425
涉县=130426
磁县=130427
肥乡=130428
永年=130429
邱县=130430
鸡泽=130431
广平=130432
馆陶=130433
魏县=130434
曲周=130435
武安=130481
桥东=130502
桥西=130503
邢台=130521
临城=130522
内丘=130523
柏乡=130524
隆尧=130525
任县=130526
南和=130527
宁晋=130528
巨鹿=130529
新河=130530
广宗=130531
平乡=130532
威县=130533
清河=130534
临西=130535
南宫=130581
沙河=130582
竞秀=130602
南市=130604
莲池=130606
满城=130607
清苑=130608
徐水=130609
涞水=130623
阜平=130624
定兴=130626
唐县=130627
高阳=130628
容城=130629
涞源=130630
望都=130631
安新=130632
易县=130633
曲阳=130634
蠡县=130635
顺平=130636
博野=130637
雄县=130638
涿州=130681
定州=130682
安国=130683
高碑店=130684
桥东=130702
桥西=130703
宣化=130705
下花园=130706
宣化=130721
张北=130722
康保=130723
沽源=130724
尚义=130725
蔚县=130726
阳原=130727
怀安=130728
万全=130729
怀来=130730
涿鹿=130731
赤城=130732
崇礼=130733
双桥=130802
双滦=130803
鹰手营子=130804
承德=130821
兴隆=130822
平泉=130823
滦平=130824
隆化=130825
丰宁=130826
宽城=130827
围场满族=130828
新华=130902
运河=130903
沧县=130921
青县=130922
东光=130923
海兴=130924
盐山=130925
肃宁=130926
南皮=130927
吴桥=130928
献县=130929
孟村=130930
泊头=130981
任丘=130982
黄骅=130983
河间=130984
安次=131002
广阳=131003
固安=131022
永清=131023
香河=131024
大城=131025
文安=131026
大厂=131028
霸州=131081
三河=131082
桃城=131102
枣强=131121
武邑=131122
武强=131123
饶阳=131124
安平=131125
故城=131126
景县=131127
阜城=131128
冀州=131181
深州=131182
小店=140105
迎泽=140106
杏花岭=140107
尖草坪=140108
万柏=140109
晋源=140110
清徐=140121
阳曲=140122
娄烦=140123
古交=140181
城区=140202
矿区=140203
南郊=140211
新荣=140212
阳高=140221
天镇=140222
广灵=140223
灵丘=140224
浑源=140225
左云=140226
大同=140227
城区=140302
矿区=140303
郊区=140311
平定=140321
盂县=140322
城区=140402
郊区=140411
长治=140421
襄垣=140423
屯留=140424
平顺=140425
黎城=140426
壶关=140427
长子=140428
武乡=140429
沁县=140430
沁源=140431
潞城=140481
城区=140502
沁水=140521
阳城=140522
陵川=140524
泽州=140525
高平=140581
朔城=140602
平鲁=140603
山阴=140621
应县=140622
右玉=140623
怀仁=140624
榆次=140702
榆社=140721
左权=140722
和顺=140723
昔阳=140724
寿阳=140725
太谷=140726
祁县=140727
平遥=140728
灵石=140729
介休=140781
盐湖=140802
临猗=140821
万荣=140822
闻喜=140823
稷山=140824
新绛=140825
绛县=140826
垣曲=140827
夏县=140828
平陆=140829
芮城=140830
永济=140881
河津=140882
忻府=140902
定襄=140921
五台=140922
代县=140923
繁峙=140924
宁武=140925
静乐=140926
神池=140927
五寨=140928
岢岚=140929
河曲=140930
保德=140931
偏关=140932
原平=140981
尧都=141002
曲沃=141021
翼城=141022
襄汾=141023
洪洞=141024
古县=141025
安泽=141026
浮山=141027
吉县=141028
乡宁=141029
大宁=141030
隰县=141031
永和=141032
蒲县=141033
汾西=141034
侯马=141081
霍州=141082
离石=141102
文水=141121
交城=141122
兴县=141123
临县=141124
柳林=141125
石楼=141126
岚县=141127
方山=141128
中阳=141129
交口=141130
孝义=141181
汾阳=141182
新城区=150102
回民区=150103
玉泉=150104
赛罕=150105
土默特左旗=150121
托克托=150122
和林格尔=150123
清水河=150124
武川=150125
东河=150202
昆都仑=150203
青山=150204
石拐=150205
白云鄂博=150206
九原=150207
土默特右旗=150221
固阳=150222
达尔罕茂明安联合旗=150223
海勃湾=150302
海南=150303
乌达=150304
红山=150402
元宝山=150403
松山=150404
阿鲁科尔沁旗=150421
巴林左旗=150422
巴林右旗=150423
林西=150424
克什克腾旗=150425
翁牛特旗=150426
喀喇沁旗=150428
宁城=150429
敖汉旗=150430
科尔沁=150502
科尔沁左翼中旗=150521
科尔沁左翼后旗=150522
开鲁=150523
库伦旗=150524
奈曼旗=150525
扎鲁特旗=150526
霍林郭勒=150581
东胜=150602
达拉特旗=150621
准格尔旗=150622
鄂托克前旗=150623
鄂托克旗=150624
杭锦旗=150625
乌审旗=150626
伊金霍洛旗=150627
海拉尔=150702
扎赉诺尔=150703
阿荣旗=150721
莫力达瓦=150722
鄂伦春自治旗=150723
鄂温克族自治旗=150724
陈巴尔虎旗=150725
新巴尔虎左旗=150726
新巴尔虎右旗=150727
满洲里=150781
牙克石=150782
扎兰屯=150783
额尔古纳=150784
根河=150785
临河=150802
五原=150821
磴口=150822
乌拉特前旗=150823
乌拉特中旗=150824
乌拉特后旗=150825
杭锦后旗=150826
集宁=150902
卓资=150921
化德=150922
商都=150923
兴和=150924
凉城=150925
察哈尔右翼前旗=150926
察哈尔右翼中旗=150927
察哈尔右翼后旗=150928
四子王旗=150929
丰镇=150981
乌兰浩特=152201
阿尔山=152202
科尔沁右翼前旗=152221
科尔沁右翼中旗=152222
扎赉特旗=152223
突泉=152224
二连浩特=152501
锡林浩特=152502
阿巴嘎旗=152522
苏尼特左旗=152523
苏尼特右旗=152524
东乌珠穆沁旗=152525
西乌珠穆沁旗=152526
太仆寺旗=152527
镶黄旗=152528
正镶白旗=152529
正蓝旗=152530
多伦=152531
阿拉善左旗=152921
阿拉善右旗=152922
额济纳旗=152923
和平=210102
沈河=210103
大东=210104
皇姑=210105
铁西=210106
苏家屯=210111
东陵=210112
沈北新区=210113
于洪=210114
辽中=210122
康平=210123
法库=210124
新民=210181
中山=210202
西岗=210203
沙河口=210204
甘井子=210211
旅顺口=210212
金州=210213
长海=210224
瓦房店=210281
普兰店=210214
庄河=210283
铁东=210302
铁西=210303
立山=210304
千山=210311
台安=210321
岫岩=210323
海城=210381
新抚=210402
东洲=210403
望花=210404
顺城=210411
抚顺=210421
新宾=210422
清原=210423
平山=210502
溪湖=210503
明山=210504
南芬=210505
本溪=210521
桓仁=210522
元宝=210602
振兴=210603
振安=210604
宽甸=210624
东港=210681
凤城=210682
古塔=210702
凌河=210703
太和=210711
黑山=210726
义县=210727
凌海=210781
北镇=210782
站前=210802
西市=210803
鲅鱼圈=210804
老边=210811
盖州=210881
大石桥=210882
海州=210902
新邱=210903
太平=210904
清河门=210905
细河=210911
阜新=210921
彰武=210922
白塔=211002
文圣=211003
宏伟=211004
弓长岭=211005
太子河=211011
辽阳=211021
灯塔=211081
双台子=211102
兴隆台=211103
大洼=211121
盘山=211122
银州=211202
清河=211204
铁岭=211221
西丰=211223
昌图=211224
调兵山=211281
开原=211282
双塔=211302
龙城=211303
朝阳=211321
建平=211322
喀喇沁左翼=211324
北票=211381
凌源=211382
连山=211402
龙港=211403
南票=211404
绥中=211421
建昌=211422
兴城=211481
南关=220102
宽城=220103
朝阳=220104
二道=220105
绿园=220106
双阳=220112
九台=220113
农安=220122
榆树=220182
德惠=220183
昌邑=220202
龙潭=220203
船营=220204
丰满=220211
永吉=220221
蛟河=220281
桦甸=220282
舒兰=220283
磐石=220284
铁西=220302
铁东=220303
梨树=220322
伊通=220323
公主岭=220381
双辽=220382
龙山=220402
西安=220403
东丰=220421
东辽=220422
东昌=220502
二道江=220503
通化=220521
辉南=220523
柳河=220524
梅河口=220581
集安=220582
浑江=220602
江源=220605
抚松=220621
靖宇=220622
长白=220623
临江=220681
宁江=220702
前郭尔罗斯=220721
长岭=220722
乾安=220723
扶余=220781
洮北=220802
镇赉=220821
通榆=220822
洮南=220881
大安=220882
延吉=222401
图们=222402
敦化=222403
珲春=222404
龙井=222405
和龙=222406
汪清=222424
安图=222426
道里=230102
南岗=230103
道外=230104
平房=230108
松北=230109
香坊=230110
呼兰=230111
阿城=230112
双城=230113
依兰=230123
方正=230124
宾县=230125
巴彦=230126
木兰=230127
通河=230128
延寿=230129
尚志=230183
五常=230184
龙沙=230202
建华=230203
铁锋=230204
昂昂溪=230205
富拉尔基=230206
碾子山=230207
梅里斯=230208
龙江=230221
依安=230223
泰来=230224
甘南=230225
富裕=230227
克山=230229
克东=230230
拜泉=230231
讷河=230281
鸡冠=230302
恒山=230303
滴道=230304
梨树=230305
城子河=230306
麻山=230307
鸡东=230321
虎林=230381
密山=230382
向阳=230402
工农=230403
南山=230404
兴安=230405
东山=230406
兴山=230407
萝北=230421
绥滨=230422
尖山=230502
岭东=230503
四方台=230505
宝山=230506
集贤=230521
友谊=230522
宝清=230523
饶河=230524
萨尔图=230602
龙凤=230603
让胡路=230604
红岗=230605
大同=230606
肇州=230621
肇源=230622
林甸=230623
杜尔伯特=230624
伊春=230702
南岔=230703
友好=230704
西林=230705
翠峦=230706
新青=230707
美溪=230708
金山屯=230709
五营=230710
乌马河=230711
汤旺河=230712
带岭=230713
乌伊岭=230714
红星=230715
上甘岭=230716
嘉荫=230722
铁力=230781
向阳=230803
前进=230804
东风=230805
郊区=230811
桦南=230822
桦川=230826
汤原=230828
抚远=230833
同江=230881
富锦=230882
新兴=230902
桃山=230903
茄子河=230904
勃利=230921
东安=231002
阳明=231003
爱民=231004
西安=231005
林口=231025
绥芬河=231081
海林=231083
宁安=231084
穆棱=231085
东宁=231086
爱辉=231102
嫩江=231121
逊克=231123
孙吴=231124
北安=231181
五大连池=231182
北林区=231202
望奎=231221
兰西=231222
青冈=231223
庆安=231224
明水=231225
绥棱=231226
安达=231281
肇东=231282
海伦=231283
呼玛=232721
塔河=232722
漠河=232723
黄浦=310101
徐汇=310104
长宁=310105
静安=310106
普陀=310107
虹口=310109
杨浦=310110
闵行=310112
宝山=310113
嘉定=310114
浦东=310115
金山=310116
松江=310117
青浦=310118
奉贤=310120
崇明=310230
玄武=320102
秦淮=320104
建邺=320105
鼓楼=320106
浦口=320111
栖霞=320113
雨花台=320114
江宁=320115
六合=320116
溧水=320117
高淳=320118
锡山=320205
惠山=320206
滨湖=320211
梁溪=320213
新吴=320214
江阴=320281
宜兴=320282
鼓楼=320302
云龙=320303
贾汪=320305
泉山=320311
铜山=320312
丰县=320321
沛县=320322
睢宁=320324
新沂=320381
邳州=320382
天宁=320402
钟楼=320404
新北区=320411
武进=320412
金坛=320413
溧阳=320481
虎丘=320505
吴中=320506
相城=320507
姑苏=320508
吴江=320509
常熟=320581
张家港=320582
昆山=320583
太仓=320585
崇川=320602
港闸=320611
通州=320612
海安=320621
如东=320623
启东=320681
如皋=320682
海门=320684
连云=320703
海州=320706
赣榆=320707
东海=320722
灌云=320723
灌南=320724
清河=320802
淮安=320803
淮阴=320804
清浦=320811
涟水=320826
洪泽=320829
盱眙=320830
金湖=320831
亭湖=320902
盐都=320903
大丰=320904
响水=320921
滨海=320922
阜宁=320923
射阳=320924
建湖=320925
东台=320981
广陵=321002
邗江=321003
江都=321012
宝应=321023
仪征=321081
高邮=321084
京口=321102
润州=321111
丹徒=321112
丹阳=321181
扬中=321182
句容=321183
海陵=321202
高港=321203
姜堰=321204
兴化=321281
靖江=321282
泰兴=321283
宿城=321302
宿豫=321311
沭阳=321322
泗阳=321323
泗洪=321324
上城=330102
下城=330103
江干=330104
拱墅=330105
西湖=330106
滨江=330108
萧山=330109
余杭=330110
富阳=330111
桐庐=330122
淳安=330127
建德=330182
临安=330185
海曙=330203
江东=330204
江北=330205
北仑=330206
镇海=330211
鄞州=330212
象山=330225
宁海=330226
余姚=330281
慈溪=330282
奉化=330283
鹿城=330302
龙湾=330303
瓯海=330304
洞头=330305
永嘉=330324
平阳=330326
苍南=330327
文成=330328
泰顺=330329
瑞安=330381
乐清=330382
南湖=330402
秀洲=330411
嘉善=330421
海盐=330424
海宁=330481
平湖=330482
桐乡=330483
吴兴=330502
南浔=330503
德清=330521
长兴=330522
安吉=330523
越城=330602
柯桥=330603
上虞=330604
新昌=330624
诸暨=330681
嵊州=330683
婺城=330702
金东=330703
武义=330723
浦江=330726
磐安=330727
兰溪=330781
义乌=330782
东阳=330783
永康=330784
柯城=330802
衢江=330803
常山=330822
开化=330824
龙游=330825
江山=330881
定海=330902
普陀=330903
岱山=330921
嵊泗=330922
椒江=331002
黄岩=331003
路桥=331004
玉环=331021
三门=331022
天台=331023
仙居=331024
温岭=331081
临海=331082
莲都=331102
青田=331121
缙云=331122
遂昌=331123
松阳=331124
云和=331125
庆元=331126
景宁=331127
龙泉=331181
瑶海=340102
庐阳=340103
蜀山=340104
包河=340111
长丰=340121
肥东=340122
肥西=340123
庐江=340124
巢湖=340181
镜湖=340202
弋江=340203
鸠江=340207
三山=340208
芜湖=340221
繁昌=340222
南陵=340223
无为=340225
龙子湖=340302
蚌山=340303
禹会=340304
淮上=340311
怀远=340321
五河=340322
固镇=340323
大通=340402
田家庵=340403
谢家集=340404
八公山=340405
潘集=340406
凤台=340421
寿县=340422
花山=340503
雨山=340504
博望=340506
当涂=340521
含山=340522
和县=340523
杜集=340602
相山=340603
烈山=340604
濉溪=340621
铜官=340705
义安=340706
郊区=340711
枞阳=340722
迎江=340802
大观=340803
宜秀=340811
怀宁=340822
潜山=340824
太湖=340825
宿松=340826
望江=340827
岳西=340828
桐城=340881
屯溪=341002
黄山=341003
徽州=341004
歙县=341021
休宁=341022
黟县=341023
祁门=341024
琅琊=341102
南谯=341103
来安=341122
全椒=341124
定远=341125
凤阳=341126
天长=341181
明光=341182
颍州=341202
颍东=341203
颍泉=341204
临泉=341221
太和=341222
阜南=341225
颍上=341226
界首=341282
埇桥=341302
砀山=341321
萧县=341322
灵璧=341323
泗县=341324
金安=341502
裕安=341503
叶集=341504
霍邱=341522
舒城=341523
金寨=341524
霍山=341525
谯城=341602
涡阳=341621
蒙城=341622
利辛=341623
贵池=341702
东至=341721
石台=341722
青阳=341723
宣州=341802
郎溪=341821
广德=341822
泾县=341823
绩溪=341824
旌德=341825
宁国=341881
鼓楼=350102
台江=350103
仓山=350104
马尾=350105
晋安=350111
闽侯=350121
连江=350122
罗源=350123
闽清=350124
永泰=350125
平潭=350128
福清=350181
长乐=350182
思明=350203
海沧=350205
湖里=350206
集美=350211
同安=350212
翔安=350213
城厢=350302
涵江=350303
荔城=350304
秀屿=350305
仙游=350322
梅列=350402
三元=350403
明溪=350421
清流=350423
宁化=350424
大田=350425
尤溪=350426
沙县=350427
将乐=350428
泰宁=350429
建宁=350430
永安=350481
鲤城=350502
丰泽=350503
洛江=350504
泉港=350505
惠安=350521
安溪=350524
永春=350525
德化=350526
金门=350527
石狮=350581
晋江=350582
南安=350583
芗城=350602
龙文=350603
云霄=350622
漳浦=350623
诏安=350624
长泰=350625
东山=350626
南靖=350627
平和=350628
华安=350629
龙海=350681
延平=350702
建阳=350703
顺昌=350721
浦城=350722
光泽=350723
松溪=350724
政和=350725
邵武=350781
武夷山=350782
建瓯=350783
新罗=350802
永定=350803
长汀=350821
上杭=350823
武平=350824
连城=350825
漳平=350881
蕉城=350902
霞浦=350921
古田=350922
屏南=350923
寿宁=350924
周宁=350925
柘荣=350926
福安=350981
福鼎=350982
东湖=360102
西湖=360103
青云谱=360104
湾里=360105
青山湖=360111
新建=360112
南昌=360121
安义=360123
进贤=360124
昌江=360202
珠山=360203
浮梁=360222
乐平=360281
安源=360302
湘东=360313
莲花=360321
上栗=360322
芦溪=360323
庐山=360402
浔阳=360403
九江=360421
武宁=360423
修水=360424
永修=360425
德安=360426
星子=360427
都昌=360428
湖口=360429
彭泽=360430
瑞昌=360481
共青城=360482
渝水=360502
分宜=360521
月湖=360602
余江=360622
贵溪=360681
章贡=360702
南康=360703
赣县=360721
信丰=360722
大余=360723
上犹=360724
崇义=360725
安远=360726
龙南=360727
定南=360728
全南=360729
宁都=360730
于都=360731
兴国=360732
会昌=360733
寻乌=360734
石城=360735
瑞金=360781
吉州=360802
青原=360803
吉安=360821
吉水=360822
峡江=360823
新干=360824
永丰=360825
泰和=360826
遂川=360827
万安=360828
安福=360829
永新=360830
井冈山=360881
袁州=360902
奉新=360921
万载=360922
上高=360923
宜丰=360924
靖安=360925
铜鼓=360926
丰城=360981
樟树=360982
高安=360983
临川=361002
南城=361021
黎川=361022
南丰=361023
崇仁=361024
乐安=361025
宜黄=361026
金溪=361027
资溪=361028
东乡=361029
广昌=361030
信州=361102
上饶=361121
广丰=361103
玉山=361123
铅山=361124
横峰=361125
弋阳=361126
余干=361127
鄱阳=361128
万年=361129
婺源=361130
德兴=361181
历下=370102
市中=370103
槐荫=370104
天桥=370105
历城=370112
长清=370113
平阴=370124
济阳=370125
商河=370126
章丘=370181
市南=370202
市北=370203
黄岛=370211
崂山=370212
李沧=370213
城阳=370214
胶州=370281
即墨=370282
平度=370283
莱西=370285
淄川=370302
张店=370303
博山=370304
临淄=370305
周村=370306
桓台=370321
高青=370322
沂源=370323
市中=370402
薛城=370403
峄城=370404
台儿庄=370405
山亭=370406
滕州=370481
东营=370502
河口=370503
垦利=370521
利津=370522
广饶=370523
芝罘=370602
福山=370611
牟平=370612
莱山=370613
长岛=370634
龙口=370681
莱阳=370682
莱州=370683
蓬莱=370684
招远=370685
栖霞=370686
海阳=370687
潍城=370702
寒亭=370703
坊子=370704
奎文=370705
临朐=370724
昌乐=370725
青州=370781
诸城=370782
寿光=370783
安丘=370784
高密=370785
昌邑=370786
任城=370811
兖州=370812
微山=370826
鱼台=370827
金乡=370828
嘉祥=370829
汶上=370830
泗水=370831
梁山=370832
曲阜=370881
邹城=370883
泰山=370902
岱岳=370911
宁阳=370921
东平=370923
新泰=370982
肥城=370983
环翠=371002
文登=371003
荣成=371082
乳山=371083
东港=371102
岚山=371103
五莲=371121
莒县=371122
莱城=371202
钢城=371203
兰山=371302
罗庄=371311
河东=371312
沂南=371321
郯城=371322
沂水=371323
兰陵=371324
费县=371325
平邑=371326
莒南=371327
蒙阴=371328
临沭=371329
德城=371402
陵城=371403
宁津=371422
庆云=371423
临邑=371424
齐河=371425
平原=371426
夏津=371427
武城=371428
乐陵=371481
禹城=371482
东昌府=371502
阳谷=371521
莘县=371522
茌平=371523
东阿=371524
冠县=371525
高唐=371526
临清=371581
滨城=371602
沾化=371603
惠民=371621
阳信=371622
无棣=371623
博兴=371625
邹平=371626
牡丹=371702
曹县=371721
单县=371722
成武=371723
巨野=371724
郓城=371725
鄄城=371726
定陶=371727
东明=371728
中原=410102
二七=410103
管城=410104
金水=410105
上街=410106
惠济=410108
中牟=410122
巩义=410181
荥阳=410182
新密=410183
新郑=410184
登封=410185
龙亭=410202
顺河=410203
鼓楼=410204
禹王台=410205
祥符=410212
杞县=410221
通许=410222
尉氏=410223
兰考=410225
老城=410302
西工=410303
瀍河=410304
涧西=410305
吉利=410306
洛龙=410311
孟津=410322
新安=410323
栾川=410324
嵩县=410325
汝阳=410326
宜阳=410327
洛宁=410328
伊川=410329
偃师=410381
新华=410402
卫东=410403
石龙=410404
湛河=410411
宝丰=410421
叶县=410422
鲁山=410423
郏县=410425
舞钢=410481
汝州=410482
文峰=410502
北关=410503
殷都=410505
龙安=410506
安阳=410522
汤阴=410523
滑县=410526
内黄=410527
林州=410581
鹤山=410602
山城=410603
淇滨=410611
浚县=410621
淇县=410622
红旗=410702
卫滨=410703
凤泉=410704
牧野=410711
新乡=410721
获嘉=410724
原阳=410725
延津=410726
封丘=410727
长垣=410728
卫辉=410781
辉县=410782
解放=410802
中站=410803
马村=410804
山阳=410811
修武=410821
博爱=410822
武陟=410823
温县=410825
沁阳=410882
孟州=410883
华龙=410902
清丰=410922
南乐=410923
范县=410926
台前=410927
濮阳=410928
魏都=411002
许昌=411023
鄢陵=411024
襄城=411025
禹州=411081
长葛=411082
源汇=411102
郾城=411103
召陵=411104
舞阳=411121
临颍=411122
湖滨=411202
陕州=411203
渑池=411221
卢氏=411224
义马=411281
灵宝=411282
宛城=411302
卧龙=411303
南召=411321
方城=411322
西峡=411323
镇平=411324
内乡=411325
淅川=411326
社旗=411327
唐河=411328
新野=411329
桐柏=411330
邓州=411381
梁园=411402
睢阳=411403
民权=411421
睢县=411422
宁陵=411423
柘城=411424
虞城=411425
夏邑=411426
永城=411481
浉河=411502
平桥=411503
罗山=411521
光山=411522
新县=411523
商城=411524
固始=411525
潢川=411526
淮滨=411527
息县=411528
川汇=411602
扶沟=411621
西华=411622
商水=411623
沈丘=411624
郸城=411625
淮阳=411626
太康=411627
鹿邑=411628
项城=411681
驿城=411702
西平=411721
上蔡=411722
平舆=411723
正阳=411724
确山=411725
泌阳=411726
汝南=411727
遂平=411728
新蔡=411729
济源=419001
江岸=420102
江汉=420103
硚口=420104
汉阳=420105
武昌=420106
青山=420107
洪山=420111
东西湖=420112
汉南=420113
蔡甸=420114
江夏=420115
黄陂=420116
新洲=420117
黄石港=420202
西塞山=420203
下陆=420204
铁山=420205
阳新=420222
大冶=420281
茅箭=420302
张湾=420303
郧阳=420304
郧西=420322
竹山=420323
竹溪=420324
房县=420325
丹江口=420381
西陵=420502
伍家岗=420503
点军=420504
猇亭=420505
夷陵=420506
远安=420525
兴山=420526
秭归=420527
长阳=420528
五峰=420529
宜都=420581
当阳=420582
枝江=420583
襄城=420602
樊城=420606
襄州=420607
南漳=420624
谷城=420625
保康=420626
老河口=420682
枣阳=420683
宜城=420684
梁子湖=420702
华容=420703
鄂城=420704
东宝=420802
掇刀=420804
京山=420821
沙洋=420822
钟祥=420881
孝南=420902
孝昌=420921
大悟=420922
云梦=420923
应城=420981
安陆=420982
汉川=420984
沙市=421002
荆州=421003
公安=421022
监利=421023
江陵=421024
石首=421081
洪湖=421083
松滋=421087
黄州=421102
团风=421121
红安=421122
罗田=421123
英山=421124
浠水=421125
蕲春=421126
黄梅=421127
麻城=421181
武穴=421182
咸安=421202
嘉鱼=421221
通城=421222
崇阳=421223
通山=421224
赤壁=421281
曾都=421303
随县=421321
广水=421381
恩施=422801
利川=422802
建始=422822
巴东=422823
宣恩=422825
咸丰=422826
来凤=422827
鹤峰=422828
仙桃=429004
潜江=429005
天门=429006
神农架=429021
芙蓉=430102
天心=430103
岳麓=430104
开福=430105
雨花=430111
望城=430112
长沙=430121
宁乡=430124
浏阳=430181
荷塘=430202
芦淞=430203
石峰=430204
天元=430211
株洲=430221
攸县=430223
茶陵=430224
炎陵=430225
醴陵=430281
雨湖=430302
岳塘=430304
湘潭=430321
湘乡=430381
韶山=430382
珠晖=430405
雁峰=430406
石鼓=430407
蒸湘=430408
南岳=430412
衡阳=430421
衡南=430422
衡山=430423
衡东=430424
祁东=430426
耒阳=430481
常宁=430482
双清=430502
大祥=430503
北塔=430511
邵东=430521
新邵=430522
邵阳=430523
隆回=430524
洞口=430525
绥宁=430527
新宁=430528
城步=430529
武冈=430581
岳阳楼=430602
云溪=430603
君山=430611
岳阳=430621
华容=430623
湘阴=430624
平江=430626
汨罗=430681
临湘=430682
武陵=430702
鼎城=430703
安乡=430721
汉寿=430722
澧县=430723
临澧=430724
桃源=430725
石门=430726
津市=430781
永定=430802
武陵源=430811
慈利=430821
桑植=430822
资阳=430902
赫山=430903
南县=430921
桃江=430922
安化=430923
沅江=430981
北湖=431002
苏仙=431003
桂阳=431021
宜章=431022
永兴=431023
嘉禾=431024
临武=431025
汝城=431026
桂东=431027
安仁=431028
资兴=431081
零陵=431102
冷水滩=431103
祁阳=431121
东安=431122
双牌=431123
道县=431124
江永=431125
宁远=431126
蓝山=431127
新田=431128
江华=431129
鹤城=431202
中方=431221
沅陵=431222
辰溪=431223
溆浦=431224
会同=431225
麻阳=431226
新晃=431227
芷江=431228
靖州=431229
通道=431230
洪江=431281
娄星=431302
双峰=431321
新化=431322
冷水江=431381
涟源=431382
吉首=433101
泸溪=433122
凤凰=433123
花垣=433124
保靖=433125
古丈=433126
永顺=433127
龙山=433130
荔湾=440103
越秀=440104
海珠=440105
天河=440106
白云=440111
黄埔=440112
番禺=440113
花都=440114
南沙=440115
从化=440117
增城=440118
武江=440203
浈江=440204
曲江=440205
始兴=440222
仁化=440224
翁源=440229
乳源=440232
新丰=440233
乐昌=440281
南雄=440282
罗湖=440303
福田=440304
南山=440305
宝安=440306
龙岗=440307
盐田=440308
香洲=440402
斗门=440403
金湾=440404
龙湖=440507
金平=440511
濠江=440512
潮阳=440513
潮南=440514
澄海=440515
南澳=440523
禅城=440604
南海=440605
顺德=440606
三水=440607
高明=440608
蓬江=440703
江海=440704
新会=440705
台山=440781
开平=440783
鹤山=440784
恩平=440785
赤坎=440802
霞山=440803
坡头=440804
麻章=440811
遂溪=440823
徐闻=440825
廉江=440881
雷州=440882
吴川=440883
茂南=440902
电白=440904
高州=440981
化州=440982
信宜=440983
端州=441202
鼎湖=441203
高要=441204
广宁=441223
怀集=441224
封开=441225
德庆=441226
四会=441284
惠城=441302
惠阳=441303
博罗=441322
惠东=441323
龙门=441324
梅江=441402
梅县=441403
大埔=441422
丰顺=441423
五华=441424
平远=441426
蕉岭=441427
兴宁=441481
城区=441502
海丰=441521
陆河=441523
陆丰=441581
源城=441602
紫金=441621
龙川=441622
连平=441623
和平=441624
东源=441625
江城=441702
阳东=441704
阳西=441721
阳春=441781
清城=441802
清新=441803
佛冈=441821
阳山=441823
连山=441825
连南=441826
英德=441881
连州=441882
湘桥=445102
潮安=445103
饶平=445122
榕城=445202
揭东=445203
揭西=445222
惠来=445224
普宁=445281
云城=445302
云安=445303
新兴=445321
郁南=445322
罗定=445381
兴宁=450102
青秀=450103
江南=450105
西乡塘=450107
良庆=450108
邕宁=450109
武鸣=450110
隆安=450123
马山=450124
上林=450125
宾阳=450126
横县=450127
城中=450202
鱼峰=450203
柳南=450204
柳北=450205
柳江=450221
柳城=450222
鹿寨=450223
融安=450224
融水=450225
三江=450226
秀峰=450302
叠彩=450303
象山=450304
七星=450305
雁山=450311
临桂=450312
阳朔=450321
灵川=450323
全州=450324
兴安=450325
永福=450326
灌阳=450327
龙胜=450328
资源=450329
平乐=450330
荔浦=450331
恭城=450332
万秀=450403
长洲=450405
龙圩=450406
苍梧=450421
藤县=450422
蒙山=450423
岑溪=450481
海城=450502
银海=450503
铁山港=450512
合浦=450521
港口=450602
防城=450603
上思=450621
东兴=450681
钦南=450702
钦北=450703
灵山=450721
浦北=450722
港北=450802
港南=450803
覃塘=450804
平南=450821
桂平=450881
玉州=450902
福绵=450903
容县=450921
陆川=450922
博白=450923
兴业=450924
北流=450981
右江=451002
田阳=451021
田东=451022
平果=451023
德保=451024
那坡=451026
凌云=451027
乐业=451028
田林=451029
西林=451030
隆林=451031
靖西=451081
八步=451102
昭平=451121
钟山=451122
富川=451123
金城江=451202
南丹=451221
天峨=451222
凤山=451223
东兰=451224
罗城=451225
环江=451226
巴马=451227
都安=451228
大化=451229
宜州=451281
兴宾=451302
忻城=451321
象州=451322
武宣=451323
金秀=451324
合山=451381
江州=451402
扶绥=451421
宁明=451422
龙州=451423
大新=451424
天等=451425
凭祥=451481
秀英=460105
龙华=460106
琼山=460107
美兰=460108
海棠=460202
吉阳=460203
天涯=460204
崖州=460205
五指山=469001
琼海=469002
文昌=469005
万宁=469006
东方=469007
定安=469021
屯昌=469022
澄迈=469023
临高=469024
白沙=469025
昌江=469026
乐东=469027
陵水=469028
保亭=469029
琼中=469030
万州=500101
涪陵=500102
渝中=500103
大渡口=500104
江北=500105
沙坪坝=500106
九龙坡=500107
南岸=500108
北碚=500109
綦江=500110
大足=500111
渝北=500112
巴南=500113
黔江=500114
长寿=500115
江津=500116
合川=500117
永川=500118
南川=500119
璧山=500120
铜梁=500151
潼南=500152
荣昌=500153
梁平=500228
城口=500229
丰都=500230
垫江=500231
武隆=500232
忠县=500233
开县=500234
云阳=500235
奉节=500236
巫山=500237
巫溪=500238
石柱=500240
秀山=500241
酉阳=500242
彭水=500243
锦江=510104
青羊=510105
金牛=510106
武侯=510107
成华=510108
龙泉驿=510112
青白江=510113
新都=510114
温江=510115
双流=510116
金堂=510121
郫县=510124
大邑=510129
蒲江=510131
新津=510132
都江堰=510181
彭州=510182
邛崃=510183
崇州=510184
自流井=510302
贡井=510303
大安=510304
沿滩=510311
荣县=510321
富顺=510322
东区=510402
西区=510403
仁和=510411
米易=510421
盐边=510422
江阳=510502
纳溪=510503
龙马潭=510504
泸县=510521
合江=510522
叙永=510524
古蔺=510525
旌阳=510603
中江=510623
罗江=510626
广汉=510681
什邡=510682
绵竹=510683
涪城=510703
游仙=510704
三台=510722
盐亭=510723
安县=510724
梓潼=510725
北川=510726
平武=510727
江油=510781
利州=510802
昭化=510811
朝天=510812
旺苍=510821
青川=510822
剑阁=510823
苍溪=510824
船山=510903
安居=510904
蓬溪=510921
射洪=510922
大英=510923
市中=511002
东兴=511011
威远=511024
资中=511025
隆昌=511028
市中=511102
沙湾=511111
五通桥=511112
金口河=511113
犍为=511123
井研=511124
夹江=511126
沐川=511129
峨边=511132
马边=511133
峨眉山=511181
顺庆=511302
高坪=511303
嘉陵=511304
南部=511321
营山=511322
蓬安=511323
仪陇=511324
西充=511325
阆中=511381
东坡=511402
彭山=511403
仁寿=511421
洪雅=511423
丹棱=511424
青神=511425
翠屏=511502
南溪=511503
宜宾=511521
江安=511523
长宁=511524
高县=511525
珙县=511526
筠连=511527
兴文=511528
屏山=511529
广安=511602
前锋=511603
岳池=511621
武胜=511622
邻水=511623
华蓥=511681
通川=511702
达川=511703
宣汉=511722
开江=511723
大竹=511724
渠县=511725
万源=511781
雨城=511802
名山=511803
荥经=511822
汉源=511823
石棉=511824
天全=511825
芦山=511826
宝兴=511827
巴州=511902
恩阳=511903
通江=511921
南江=511922
平昌=511923
雁江=512002
安岳=512021
乐至=512022
简阳=512081
马尔康=513201
汶川=513221
理县=513222
茂县=513223
松潘=513224
九寨沟=513225
金川=513226
小金=513227
黑水=513228
壤塘=513230
阿坝=513231
若尔盖=513232
红原=513233
康定=513301
泸定=513322
丹巴=513323
九龙=513324
雅江=513325
道孚=513326
炉霍=513327
甘孜=513328
新龙=513329
德格=513330
白玉=513331
石渠=513332
色达=513333
理塘=513334
巴塘=513335
乡城=513336
稻城=513337
得荣=513338
西昌=513401
木里=513422
盐源=513423
德昌=513424
会理=513425
会东=513426
宁南=513427
普格=513428
布拖=513429
金阳=513430
昭觉=513431
喜德=513432
冕宁=513433
越西=513434
甘洛=513435
美姑=513436
雷波=513437
南明=520102
云岩=520103
花溪=520111
乌当=520112
白云=520113
观山湖=520115
开阳=520121
息烽=520122
修文=520123
清镇=520181
钟山=520201
六枝=520203
水城=520221
盘县=520222
红花岗=520302
汇川=520303
遵义=520321
桐梓=520322
绥阳=520323
正安=520324
道真=520325
务川=520326
凤冈=520327
湄潭=520328
余庆=520329
习水=520330
赤水=520381
仁怀=520382
西秀=520402
平坝=520403
普定=520422
镇宁=520423
关岭=520424
紫云=520425
七星关=520502
大方=520521
黔西=520522
金沙=520523
织金=520524
纳雍=520525
威宁=520526
赫章=520527
碧江=520602
万山=520603
江口=520621
玉屏=520622
石阡=520623
思南=520624
印江=520625
德江=520626
沿河=520627
松桃=520628
兴义=522301
兴仁=522322
普安=522323
晴隆=522324
贞丰=522325
望谟=522326
册亨=522327
安龙=522328
凯里=522601
黄平=522622
施秉=522623
三穗=522624
镇远=522625
岑巩=522626
天柱=522627
锦屏=522628
剑河=522629
台江=522630
黎平=522631
榕江=522632
从江=522633
雷山=522634
麻江=522635
丹寨=522636
都匀=522701
福泉=522702
荔波=522722
贵定=522723
瓮安=522725
独山=522726
平塘=522727
罗甸=522728
长顺=522729
龙里=522730
惠水=522731
三都=522732
五华=530102
盘龙=530103
官渡=530111
西山=530112
东川=530113
呈贡=530114
晋宁=530122
富民=530124
宜良=530125
石林=530126
嵩明=530127
禄劝=530128
寻甸=530129
安宁=530181
麒麟=530302
马龙=530321
陆良=530322
师宗=530323
罗平=530324
富源=530325
会泽=530326
沾益=530328
宣威=530381
红塔=530402
江川=530403
澄江=530422
通海=530423
华宁=530424
易门=530425
峨山=530426
新平=530427
元江=530428
隆阳=530502
施甸=530521
腾冲=530581
龙陵=530523
昌宁=530524
昭阳=530602
鲁甸=530621
巧家=530622
盐津=530623
大关=530624
永善=530625
绥江=530626
镇雄=530627
彝良=530628
威信=530629
水富=530630
古城=530702
玉龙=530721
永胜=530722
华坪=530723
宁蒗=530724
思茅=530802
宁洱=530821
墨江=530822
景东=530823
景谷=530824
镇沅=530825
江城=530826
孟连=530827
澜沧=530828
西盟=530829
临翔=530902
凤庆=530921
云县=530922
永德=530923
镇康=530924
双江=530925
耿马=530926
沧源=530927
楚雄=532301
双柏=532322
牟定=532323
南华=532324
姚安=532325
大姚=532326
永仁=532327
元谋=532328
武定=532329
禄丰=532331
个旧=532501
开远=532502
蒙自=532503
弥勒=532504
屏边=532523
建水=532524
石屏=532525
泸西=532527
元阳=532528
红河=532529
金平=532530
绿春=532531
河口=532532
文山=532601
砚山=532622
西畴=532623
麻栗坡=532624
马关=532625
丘北=532626
广南=532627
富宁=532628
景洪=532801
勐海=532822
勐腊=532823
大理=532901
漾濞=532922
祥云=532923
宾川=532924
弥渡=532925
南涧=532926
巍山彝族=532927
永平=532928
云龙=532929
洱源=532930
剑川=532931
鹤庆=532932
瑞丽=533102
芒市=533103
梁河=533122
盈江=533123
陇川=533124
泸水=533321
福贡=533323
贡山=533324
兰坪=533325
香格里拉=533401
德钦=533422
维西=533423
城关=540102
堆龙德庆=540103
林周=540121
当雄=540122
尼木=540123
曲水=540124
达孜=540126
墨竹工卡=540127
桑珠孜=540202
南木林=540221
江孜=540222
定日=540223
萨迦=540224
拉孜=540225
昂仁=540226
谢通门=540227
白朗=540228
仁布=540229
康马=540230
定结=540231
仲巴=540232
亚东=540233
吉隆=540234
聂拉木=540235
萨嘎=540236
岗巴=540237
卡若=540302
江达=540321
贡觉=540322
类乌齐=540323
丁青=540324
察雅=540325
八宿=540326
左贡=540327
芒康=540328
洛隆=540329
边坝=540330
巴宜=540402
工布江达=540421
米林=540422
墨脱=540423
波密=540424
察隅=540425
朗县=540426
乃东=542221
扎囊=542222
贡嘎=542223
桑日=542224
琼结=542225
曲松=542226
措美=542227
洛扎=542228
加查=542229
隆子=542231
错那=542232
浪卡子=542233
那曲=542421
嘉黎=542422
比如=542423
聂荣=542424
安多=542425
申扎=542426
索县=542427
班戈=542428
巴青=542429
尼玛=542430
双湖=542431
普兰=542521
札达=542522
噶尔=542523
日土=542524
革吉=542525
改则=542526
措勤=542527
新城=610102
碑林=610103
莲湖=610104
灞桥=610111
未央=610112
雁塔=610113
阎良=610114
临潼=610115
长安=610116
高陵=610117
蓝田=610122
周至=610124
户县=610125
王益=610202
印台=610203
耀州=610204
宜君=610222
渭滨=610302
金台=610303
陈仓=610304
凤翔=610322
岐山=610323
扶风=610324
眉县=610326
陇县=610327
千阳=610328
麟游=610329
凤县=610330
太白=610331
秦都=610402
杨陵=610403
渭城=610404
三原=610422
泾阳=610423
乾县=610424
礼泉=610425
永寿=610426
彬县=610427
长武=610428
旬邑=610429
淳化=610430
武功=610431
兴平=610481
临渭=610502
华州=610503
潼关=610522
大荔=610523
合阳=610524
澄城=610525
蒲城=610526
白水=610527
富平=610528
韩城=610581
华阴=610582
宝塔=610602
延长=610621
延川=610622
子长=610623
安塞=610624
志丹=610625
吴起=610626
甘泉=610627
富县=610628
洛川=610629
宜川=610630
黄龙=610631
黄陵=610632
汉台=610702
南郑=610721
城固=610722
洋县=610723
西乡=610724
勉县=610725
宁强=610726
略阳=610727
镇巴=610728
留坝=610729
佛坪=610730
榆阳=610802
横山=610803
神木=610821
府谷=610822
靖边=610824
定边=610825
绥德=610826
米脂=610827
佳县=610828
吴堡=610829
清涧=610830
子洲=610831
汉滨=610902
汉阴=610921
石泉=610922
宁陕=610923
紫阳=610924
岚皋=610925
平利=610926
镇坪=610927
旬阳=610928
白河=610929
商州=611002
洛南=611021
丹凤=611022
商南=611023
山阳=611024
镇安=611025
柞水=611026
城关=620102
七里河=620103
西固=620104
安宁=620105
红古=620111
永登=620121
皋兰=620122
榆中=620123
金川=620302
永昌=620321
白银=620402
平川=620403
靖远=620421
会宁=620422
景泰=620423
秦州=620502
麦积=620503
清水=620521
秦安=620522
甘谷=620523
武山=620524
张家川=620525
凉州=620602
民勤=620621
古浪=620622
天祝=620623
甘州=620702
肃南=620721
民乐=620722
临泽=620723
高台=620724
山丹=620725
崆峒=620802
泾川=620821
灵台=620822
崇信=620823
华亭=620824
庄浪=620825
静宁=620826
肃州=620902
金塔=620921
瓜州=620922
肃北=620923
阿克塞=620924
玉门=620981
敦煌=620982
西峰=621002
庆城=621021
环县=621022
华池=621023
合水=621024
正宁=621025
宁县=621026
镇原=621027
安定=621102
通渭=621121
陇西=621122
渭源=621123
临洮=621124
漳县=621125
岷县=621126
武都=621202
成县=621221
文县=621222
宕昌=621223
康县=621224
西和=621225
礼县=621226
徽县=621227
两当=621228
临夏=622901
临夏=622921
康乐=622922
永靖=622923
广河=622924
和政=622925
东乡族自治=622926
积石山=622927
合作=623001
临潭=623021
卓尼=623022
舟曲=623023
迭部=623024
玛曲=623025
碌曲=623026
夏河=623027
城东=630102
城中=630103
城西=630104
城北=630105
大通=630121
湟中=630122
湟源=630123
乐都=630202
平安=630203
民和=630222
互助=630223
化隆=630224
循化=630225
门源=632221
祁连=632222
海晏=632223
刚察=632224
同仁=632321
尖扎=632322
泽库=632323
河南=632324
共和=632521
同德=632522
贵德=632523
兴海=632524
贵南=632525
玛沁=632621
班玛=632622
甘德=632623
达日=632624
久治=632625
玛多=632626
玉树=632701
杂多=632722
称多=632723
治多=632724
囊谦=632725
曲麻莱=632726
格尔木=632801
德令哈=632802
乌兰=632821
都兰=632822
天峻=632823
兴庆=640104
西夏=640105
金凤=640106
永宁=640121
贺兰=640122
灵武=640181
大武口=640202
惠农=640205
平罗=640221
利通=640302
红寺堡=640303
盐池=640323
同心=640324
青铜峡=640381
原州=640402
西吉=640422
隆德=640423
泾源=640424
彭阳=640425
沙坡头=640502
中宁=640521
海原=640522
天山=650102
沙依巴克=650103
新市=650104
水磨沟=650105
头屯河=650106
达坂城=650107
米东=650109
乌鲁木齐=650121
独山子=650202
克拉玛依=650203
白碱滩=650204
乌尔禾=650205
高昌=650402
鄯善=650421
托克逊=650422
哈密=652201
巴里坤=652222
伊吾=652223
昌吉=652301
阜康=652302
呼图壁=652323
玛纳斯=652324
奇台=652325
吉木萨尔=652327
木垒=652328
博乐=652701
阿拉山口=652702
精河=652722
温泉=652723
库尔勒=652801
轮台=652822
尉犁=652823
若羌=652824
且末=652825
焉耆=652826
和静=652827
和硕=652828
博湖=652829
阿克苏=652901
温宿=652922
库车=652923
沙雅=652924
新和=652925
拜城=652926
乌什=652927
阿瓦提=652928
柯坪=652929
阿图什=653001
阿克陶=653022
阿合奇=653023
乌恰=653024
喀什=653101
疏附=653121
疏勒=653122
英吉沙=653123
泽普=653124
莎车=653125
叶城=653126
麦盖提=653127
岳普湖=653128
伽师=653129
巴楚=653130
塔什库尔干=653131
和田=653201
和田=653221
墨玉=653222
皮山=653223
洛浦=653224
策勒=653225
于田=653226
民丰=653227
伊宁=654002
奎屯=654003
霍尔果斯=654004
伊宁=654021
察布查尔=654022
霍城=654023
巩留=654024
新源=654025
昭苏=654026
特克斯=654027
尼勒克=654028
塔城=654201
乌苏=654202
额敏=654221
沙湾=654223
托里=654224
裕民=654225
和布克赛尔=654226
阿勒泰=654301
布尔津=654321
富蕴=654322
福海=654323
哈巴河=654324
青河=654325
吉木乃=654326
石河子=659001
阿拉尔=659002
图木舒克=659003
五家渠=659004
北屯=659005
铁门关=659006
双河=659007
可克达拉=659008
