http://ab.58.com=5132,阿坝
http://aba.anjuke.com=5132,阿坝
http://aba.ganji.com=5132,阿坝
http://aba.liebiao.com=5132,阿坝
http://ahsuzhou.ganji.com=3413,宿州
http://akesu.anjuke.com=6529,阿克苏
http://akesu.ganji.com=6529,阿克苏
http://akesu.liebiao.com=6529,阿克苏
http://aks.58.com=6529,阿克苏
http://al.58.com=5425,阿里
http://alaer.anjuke.com=659002,阿拉尔
http://alaer.ganji.com=659002,阿拉尔
http://alaer.liebiao.com=659002,阿拉尔
http://alashan.ganji.com=1529,阿拉善
http://alashan.liebiao.com=1529,阿拉善
http://alashanm.anjuke.com=1529,阿拉善盟
http://ale.58.com=659002,阿拉尔
http://aletai.ganji.com=6543,阿勒泰
http://aletai.liebiao.com=6543,阿勒泰
http://ali.anjuke.com=5425,阿里
http://ali.ganji.com=5425,阿里
http://ali.liebiao.com=5425,阿里
http://alsm.58.com=1529,阿拉善盟
http://am.58.com=8200,澳门
http://ankang.58.com=6109,安康
http://ankang.anjuke.com=6109,安康
http://ankang.ganji.com=6109,安康
http://ankang.liebiao.com=6109,安康
http://anqing.58.com=3408,安庆
http://anqing.anjuke.com=3408,安庆
http://anqing.ganji.com=3408,安庆
http://anqing.liebiao.com=3408,安庆
http://anshan.anjuke.com=2103,鞍山
http://anshan.ganji.com=2103,鞍山
http://anshan.liebiao.com=2103,鞍山
http://anshun.58.com=5204,安顺
http://anshun.anjuke.com=5204,安顺
http://anshun.ganji.com=5204,安顺
http://anshun.liebiao.com=5204,安顺
http://anyang.anjuke.com=4105,安阳
http://anyang.ganji.com=4105,安阳
http://anyang.liebiao.com=4105,安阳
http://aomen.anjuke.com=8200,澳门
http://aomen.ganji.com=8200,澳门
http://as.58.com=2103,鞍山
http://ay.58.com=4105,安阳
http://baicheng.anjuke.com=2208,白城
http://baicheng.ganji.com=2208,白城
http://baicheng.liebiao.com=2208,白城
http://baise.58.com=4510,百色
http://baise.anjuke.com=4510,百色
http://baise.ganji.com=4510,百色
http://baise.liebiao.com=4510,百色
http://baisha.liebiao.com=469025,白沙
http://baishan.58.com=2206,白山
http://baishan.anjuke.com=2206,白山
http://baishan.ganji.com=2206,白山
http://baishan.liebiao.com=2206,白山
http://baiyin.anjuke.com=6204,白银
http://baiyin.ganji.com=6204,白银
http://baiyin.liebiao.com=6204,白银
http://bannan.anjuke.com=5328,西双版纳
http://baoding.anjuke.com=1306,保定
http://baoding.ganji.com=1306,保定
http://baoding.liebiao.com=1306,保定
http://baoji.58.com=6103,宝鸡
http://baoji.anjuke.com=6103,宝鸡
http://baoji.ganji.com=6103,宝鸡
http://baoji.liebiao.com=6103,宝鸡
http://baoshan.anjuke.com=5305,保山
http://baoshan.ganji.com=5305,保山
http://baoshan.liebiao.com=5305,保山
http://baoting.liebiao.com=469029,保亭
http://baotou.anjuke.com=1502,包头
http://baotou.ganji.com=1502,包头
http://baotou.liebiao.com=1502,包头
http://bayannaoer.anjuke.com=1508,巴彦淖尔市
http://bayannaoer.ganji.com=1508,巴彦淖尔
http://bayannaoer.liebiao.com=1508,巴彦淖尔
http://bayinguoleng.anjuke.com=6528,巴音郭楞
http://bayinguoleng.ganji.com=6528,巴音郭楞
http://bayinguoleng.liebiao.com=6528,巴音郭楞
http://bazhong.58.com=5119,巴中
http://bazhong.anjuke.com=5119,巴中
http://bazhong.ganji.com=5119,巴中
http://bazhong.liebiao.com=5119,巴中
http://bc.58.com=2208,白城
http://bd.58.com=1306,保定
http://beihai.anjuke.com=4505,北海
http://beihai.ganji.com=4505,北海
http://beihai.liebiao.com=4505,北海
http://beijing.anjuke.com=1101,北京
http://beijing.koofang.com=1101,北京
http://beijing.liebiao.com=1101,北京
http://bengbu.58.com=3403,蚌埠
http://bengbu.anjuke.com=3403,蚌埠
http://bengbu.ganji.com=3403,蚌埠
http://bengbu.liebiao.com=3403,蚌埠
http://benxi.58.com=2105,本溪
http://benxi.anjuke.com=2105,本溪
http://benxi.ganji.com=2105,本溪
http://benxi.liebiao.com=2105,本溪
http://betl.58.com=6527,博尔塔拉
http://bh.58.com=4505,北海
http://bijie.58.com=5205,毕节
http://bijie.anjuke.com=5205,毕节
http://bijie.ganji.com=5205,毕节
http://bijie.liebiao.com=5205,毕节
http://binzhou.anjuke.com=3716,滨州
http://binzhou.ganji.com=3716,滨州
http://binzhou.liebiao.com=3716,滨州
http://bj.58.com=1101,北京
http://bj.centanet.com=1101,北京
http://bj.cityhouse.cn=1101,北京
http://bj.eeju.com=1101,北京
http://bj.ganji.com=1101,北京
http://bn.58.com=5328,西双版纳
http://boertala.anjuke.com=6527,博尔塔拉
http://boertala.ganji.com=6527,博尔塔拉
http://boertala.liebiao.com=6527,博尔塔拉
http://boluo.58.com=441322,博罗
http://bozhou.58.com=3416,亳州
http://bozhou.anjuke.com=3416,亳州
http://bozhou.ganji.com=3416,亳州
http://bozhou.liebiao.com=3416,亳州
http://bs.58.com=5305,保山
http://bt.58.com=1502,包头
http://by.58.com=6204,白银
http://bycem.58.com=1508,巴彦淖尔市
http://bygl.58.com=6528,巴音郭楞
http://bz.58.com=3716,滨州
http://cangzhou.58.com=1309,沧州
http://cangzhou.anjuke.com=1309,沧州
http://cangzhou.ganji.com=1309,沧州
http://cangzhou.liebiao.com=1309,沧州
http://cc.58.com=2201,长春
http://cc.anjuke.com=2201,长春
http://cc.ganji.com=2201,长春
http://cd.58.com=5101,成都
http://cd.eeju.com=5101,成都
http://cd.ganji.com=5101,成都
http://cd.mytophome.com=5101,成都
http://ch.58.com=340181,巢湖
http://changchun.ganji.com=2201,长春
http://changchun.liebiao.com=2201,长春
http://changde.58.com=4307,常德
http://changde.anjuke.com=4307,常德
http://changde.ganji.com=4307,常德
http://changde.liebiao.com=4307,常德
http://changdu.58.com=5421,昌都
http://changdu.anjuke.com=5421,昌都
http://changdu.ganji.com=5421,昌都
http://changdu.liebiao.com=5421,昌都
http://changge.58.com=411082,长葛
http://changge.anjuke.com=411082,长葛
http://changji.58.com=6523,昌吉
http://changji.anjuke.com=6523,昌吉
http://changji.ganji.com=6523,昌吉
http://changji.liebiao.com=6523,昌吉
http://changsha.liebiao.com=4301,长沙
http://changshu.ganji.com=320581,常熟
http://changxing.58.com=330522,长兴
http://changzhi.58.com=1404,长治
http://changzhi.anjuke.com=1404,长治
http://changzhi.ganji.com=1404,长治
http://changzhi.liebiao.com=1404,长治
http://changzhou.ganji.com=3204,常州
http://changzhou.liebiao.com=3204,常州
http://chaohu.anjuke.com=340181,巢湖
http://chaohu.ganji.com=340181,巢湖
http://chaohu.liebiao.com=340181,巢湖
http://chaoyang.anjuke.com=2113,朝阳
http://chaoyang.ganji.com=2113,朝阳市
http://chaoyang.liebiao.com=2113,朝阳
http://chaozhou.58.com=4451,潮州
http://chaozhou.anjuke.com=4451,潮州
http://chaozhou.ganji.com=4451,潮州
http://chaozhou.liebiao.com=4451,潮州
http://chengde.58.com=1308,承德
http://chengde.anjuke.com=1308,承德
http://chengde.ganji.com=1308,承德
http://chengde.liebiao.com=1308,承德
http://chengdu.anjuke.com=5101,成都
http://chengdu.liebiao.com=5101,成都
http://chengmai.liebiao.com=469023,澄迈
http://chenzhou.58.com=4310,郴州
http://chenzhou.anjuke.com=4310,郴州
http://chenzhou.ganji.com=4310,郴州
http://chenzhou.liebiao.com=4310,郴州
http://chifeng.58.com=1504,赤峰
http://chifeng.anjuke.com=1504,赤峰
http://chifeng.ganji.com=1504,赤峰
http://chifeng.liebiao.com=1504,赤峰
http://chizhou.58.com=3417,池州
http://chizhou.anjuke.com=3417,池州
http://chizhou.ganji.com=3417,池州
http://chizhou.liebiao.com=3417,池州
http://chongqing.anjuke.com=5001,重庆
http://chongqing.liebiao.com=5001,重庆
http://chongzuo.58.com=4514,崇左
http://chongzuo.anjuke.com=4514,崇左
http://chongzuo.ganji.com=4514,崇左
http://chongzuo.liebiao.com=4514,崇左
http://chuxiong.anjuke.com=5323,楚雄
http://chuxiong.ganji.com=5323,楚雄
http://chuxiong.liebiao.com=5323,楚雄
http://chuzhou.58.com=3411,滁州
http://chuzhou.anjuke.com=3411,滁州
http://chuzhou.ganji.com=3411,滁州
http://chuzhou.liebiao.com=3411,滁州
http://cixi.58.com=330282,慈溪
http://cixi.ganji.com=330282,慈溪
http://cq.58.com=5001,重庆
http://cq.eeju.com=5001,重庆
http://cq.ganji.com=5001,重庆
http://cq.mytophome.com=5001,重庆
http://cs.58.com=4301,长沙
http://cs.anjuke.com=4301,长沙
http://cs.ganji.com=4301,长沙
http://cx.58.com=5323,楚雄
http://cy.58.com=2113,朝阳
http://cz.58.com=3204,常州
http://cz.anjuke.com=3204,常州
http://da.58.com=469021,定安
http://dafeng.58.com=320982,大丰
http://dafeng.anjuke.com=320982,大丰
http://dali.58.com=5329,大理
http://dalian.anjuke.com=2102,大连
http://dali.anjuke.com=5329,大理
http://dalian.liebiao.com=2102,大连
http://dali.ganji.com=5329,大理
http://dali.liebiao.com=5329,大理
http://dandong.58.com=2106,丹东
http://dandong.anjuke.com=2106,丹东
http://dandong.ganji.com=2106,丹东
http://dandong.liebiao.com=2106,丹东
http://danyang.58.com=321181,丹阳
http://danzhou.ganji.com=469003,儋州
http://danzhou.liebiao.com=469003,儋州
http://daqing.anjuke.com=2306,大庆
http://daqing.ganji.com=2306,大庆
http://daqing.liebiao.com=2306,大庆
http://datong.anjuke.com=1402,大同
http://datong.ganji.com=1402,大同
http://datong.liebiao.com=1402,大同
http://daxinganling.ganji.com=2327,大兴安岭
http://daxinganling.liebiao.com=2327,大兴安岭
http://dazhou.58.com=5117,达州
http://dazhou.anjuke.com=5117,达州
http://dazhou.ganji.com=5117,达州
http://dazhou.liebiao.com=5117,达州
http://dehong.anjuke.com=5331,德宏
http://dehong.ganji.com=5331,德宏
http://dehong.liebiao.com=5331,德宏
http://deqing.58.com=330521,德清
http://deyang.58.com=5106,德阳
http://deyang.anjuke.com=5106,德阳
http://deyang.ganji.com=5106,德阳
http://deyang.liebiao.com=5106,德阳
http://dezhou.anjuke.com=3714,德州
http://dezhou.ganji.com=3714,德州
http://dezhou.liebiao.com=3714,德州
http://dg.58.com=4419,东莞
http://dg.anjuke.com=4419,东莞
http://dg.ganji.com=4419,东莞
http://dg.mytophome.com=4419,东莞
http://dh.58.com=5331,德宏
http://dingan.liebiao.com=469021,定安
http://dingxi.anjuke.com=6211,定西
http://dingxi.ganji.com=6211,定西
http://dingxi.liebiao.com=6211,定西
http://dingzhou.58.com=130682,定州
http://dingzhou.anjuke.com=130682,定州
http://diqing.58.com=5334,迪庆
http://diqing.anjuke.com=5334,迪庆
http://diqing.ganji.com=5334,迪庆
http://diqing.liebiao.com=5334,迪庆
http://dl.58.com=2102,大连
http://dl.ganji.com=2102,大连
http://dongfang.liebiao.com=469007,东方
http://dongguan.liebiao.com=4419,东莞
http://donghai.58.com=320722,东海
http://dongtai.58.com=320981,东台
http://dongying.anjuke.com=3705,东营
http://dongying.ganji.com=3705,东营
http://dongying.liebiao.com=3705,东营
http://dq.58.com=2306,大庆
http://dt.58.com=1402,大同
http://dx.58.com=6211,定西
http://dxal.58.com=2327,大兴安岭
http://dxanling.anjuke.com=2327,大兴安岭
http://dy.58.com=3705,东营
http://dz.58.com=3714,德州
http://eerduosi.anjuke.com=1506,鄂尔多斯
http://eerduosi.ganji.com=1506,鄂尔多斯
http://eerduosi.liebiao.com=1506,鄂尔多斯
http://enshi.anjuke.com=4228,恩施
http://enshi.ganji.com=4228,恩施
http://enshi.liebiao.com=4228,恩施
http://erds.58.com=1506,鄂尔多斯
http://es.58.com=4228,恩施
http://esf1.fang.com=1101,北京
http://esf1.soufun.com=1101,北京
http://esf.abazhou.fang.com=5132,阿坝州
http://esf.ahcf.fang.com=340121,长丰
http://esf.ahsuzhou.fang.com=3413,宿州
http://esf.ahsuzhou.soufun.com=3413,宿州
http://esf.akesu.fang.com=6529,阿克苏
http://esf.alaer.fang.com=659002,阿拉尔
http://esf.ali.fang.com=5425,阿里
http://esf.alsm.fang.com=1529,阿拉善盟
http://esf.anda.fang.com=231281,安达
http://esf.ankang.fang.com=6109,安康
http://esf.ankang.soufun.com=6109,安康
http://esf.anning.fang.com=530181,安宁
http://esf.anqing.fang.com=3408,安庆
http://esf.anqing.soufun.com=3408,安庆
http://esf.anqiu.fang.com=370784,安丘
http://esf.anshan.fang.com=2103,鞍山
http://esf.anshan.soufun.com=2103,鞍山
http://esf.anshun.fang.com=5204,安顺
http://esf.anshun.soufun.com=5204,安顺
http://esf.anyang.fang.com=4105,安阳
http://esf.anyang.soufun.com=4105,安阳
http://esf.baicheng.fang.com=2208,白城
http://esf.baicheng.soufun.com=2208,白城
http://esf.baise.fang.com=4510,百色
http://esf.baise.soufun.com=4510,百色
http://esf.baishan.fang.com=2206,白山
http://esf.baishan.soufun.com=2206,白山
http://esf.baiyin.fang.com=6204,白银
http://esf.baiyin.soufun.com=6204,白银
http://esf.baoji.fang.com=6103,宝鸡
http://esf.baoshan.fang.com=5305,保山
http://esf.baoshan.soufun.com=5305,保山
http://esf.baoying.fang.com=321023,宝应
http://esf.bayan.fang.com=1508,巴彦
http://esf.bazhong.fang.com=5119,巴中
http://esf.bazhong.soufun.com=5119,巴中
http://esf.bazhou.fang.com=511902,巴州
http://esf.bazhou.soufun.com=511902,巴州
http://esf.bd.fang.com=1306,保定
http://esf.bd.soufun.com=1306,保定
http://esf.bengbu.fang.com=3403,蚌埠
http://esf.bengbu.soufun.com=3403,蚌埠
http://esf.benxi.fang.com=2105,本溪
http://esf.benxi.soufun.com=2105,本溪
http://esf.betl.fang.com=6527,博尔塔拉
http://esf.bh.fang.com=4505,北海
http://esf.bh.soufun.com=4505,北海
http://esf.bijie.fang.com=5205,毕节
http://esf.bijie.soufun.com=5205,毕节
http://esf.binxian.fang.com=230125,宾县
http://esf.binzhou.fang.com=3716,滨州
http://esf.binzhou.soufun.com=3716,滨州
http://esf.bishan.fang.com=500120,璧山
http://esf.boluo.fang.com=441322,博罗
http://esf.bozhou.fang.com=3416,亳州
http://esf.bozhou.soufun.com=3416,亳州
http://esf.bt.fang.com=1502,包头
http://esf.bt.soufun.com=1502,包头
http://esf.byne.fang.com=1508,巴彦淖尔
http://esf.cangzhou.fang.com=1309,沧州
http://esf.cangzhou.soufun.com=1309,沧州
http://esf.cd.fang.com=5101,成都
http://esf.cd.soufun.com=5101,成都
http://esf.changchun.fang.com=2201,长春
http://esf.changchun.soufun.com=2201,长春
http://esf.changde.fang.com=4307,常德
http://esf.changdu.fang.com=5421,昌都
http://esf.changge.fang.com=411082,长葛
http://esf.changji.fang.com=6523,昌吉
http://esf.changle.fang.com=350182,长乐
http://esf.changli.fang.com=130322,昌黎
http://esf.changshou.fang.com=500115,长寿
http://esf.changshu.fang.com=320581,常熟
http://esf.changshu.soufun.com=320581,常熟
http://esf.changxing.fang.com=330522,长兴
http://esf.changyi.fang.com=370786,昌邑
http://esf.changzhi.fang.com=1404,长治
http://esf.changzhi.soufun.com=1404,长治
http://esf.chaohu.fang.com=340181,巢湖
http://esf.chaohu.soufun.com=340181,巢湖
http://esf.chaoyang.fang.com=2113,朝阳
http://esf.chaoyang.soufun.com=2113,朝阳
http://esf.chaozhou.fang.com=4451,潮州
http://esf.chaozhou.soufun.com=4451,潮州
http://esf.chengde.fang.com=1308,承德
http://esf.chengde.soufun.com=1308,承德
http://esf.chenzhou.fang.com=4310,郴州
http://esf.chenzhou.soufun.com=4310,郴州
http://esf.chifeng.fang.com=1504,赤峰
http://esf.chizhou.fang.com=3417,池州
http://esf.chizhou.soufun.com=3417,池州
http://esf.chongzhou.fang.com=510184,崇州
http://esf.chongzuo.fang.com=4514,崇左
http://esf.chongzuo.soufun.com=4514,崇左
http://esf.chunan.fang.com=330127,淳安
http://esf.chuxiong.fang.com=5323,楚雄
http://esf.chuxiong.soufun.com=5323,楚雄
http://esf.chuzhou.fang.com=3411,滁州
http://esf.chuzhou.soufun.com=3411,滁州
http://esf.cixi.fang.com=330282,慈溪
http://esf.cqchangshou.fang.com=500115,长寿
http://esf.cq.fang.com=5001,重庆
http://esf.cqjiangjin.fang.com=500116,江津
http://esf.cq.soufun.com=5001,重庆
http://esf.cs.fang.com=4301,长沙
http://esf.cs.soufun.com=4301,长沙
http://esf.cswc.fang.com=430112,望城
http://esf.cz.fang.com=3204,常州
http://esf.cz.soufun.com=3204,常州
http://esf.dali.fang.com=5329,大理
http://esf.dali.soufun.com=5329,大理
http://esf.dandong.fang.com=2106,丹东
http://esf.dandong.soufun.com=2106,丹东
http://esf.dangtu.fang.com=340521,当涂
http://esf.dangyang.fang.com=420582,当阳
http://esf.danzhou.fang.com=469003,儋州
http://esf.daqing.fang.com=2306,大庆
http://esf.daqing.soufun.com=2306,大庆
http://esf.datong.fang.com=1402,大同
http://esf.datong.soufun.com=1402,大同
http://esf.dayi.fang.com=510129,大邑
http://esf.dazhou.fang.com=5117,达州
http://esf.dazhou.soufun.com=5117,达州
http://esf.dazu.fang.com=500111,大足
http://esf.dehong.fang.com=5331,德宏
http://esf.dehong.soufun.com=5331,德宏
http://esf.dehui.fang.com=220183,德惠
http://esf.dengfeng.fang.com=410185,登封
http://esf.dengzhou.fang.com=411381,邓州
http://esf.deqing.fang.com=330521,德清
http://esf.deyang.fang.com=5106,德阳
http://esf.deyang.soufun.com=5106,德阳
http://esf.dg.fang.com=4419,东莞
http://esf.dg.soufun.com=4419,东莞
http://esf.dianjiang.fang.com=500231,垫江
http://esf.dingxi.fang.com=6211,定西
http://esf.dingxi.soufun.com=6211,定西
http://esf.dingzhou.fang.com=130682,定州
http://esf.diqing.fang.com=5334,迪庆
http://esf.dl.fang.com=2102,大连
http://esf.dl.soufun.com=2102,大连
http://esf.dongfang.fang.com=469007,东方
http://esf.donggang.fang.com=210681,东港
http://esf.dongtai.fang.com=320981,东台
http://esf.dujiangyan.fang.com=510181,都江堰
http://esf.dxal.fang.com=2327,大兴安岭
http://esf.dy.fang.com=3705,东营
http://esf.dz.fang.com=3714,德州
http://esf.dz.soufun.com=3714,德州
http://esf.emeishan.fang.com=511181,峨眉山
http://esf.enping.fang.com=440785,恩平
http://esf.enshi.fang.com=4228,恩施
http://esf.enshi.soufun.com=4228,恩施
http://esf.erds.fang.com=1506,鄂尔多斯
http://esf.erds.soufun.com=1506,鄂尔多斯
http://esf.ezhou.fang.com=4207,鄂州
http://esf.ezhou.soufun.com=4207,鄂州
http://esf.faku.fang.com=210124,法库
http://esf.fanchang.fang.com=340222,繁昌
http://esf.fangchenggang.fang.com=4506,防城港
http://esf.fangchenggang.soufun.com=4506,防城港
http://esf.fang.com=1101,北京
http://esf.feicheng.fang.com=370983,肥城
http://esf.feidong.fang.com=340122,肥东
http://esf.feixi.fang.com=340123,肥西
http://esf.fengcheng.fang.com=210682,凤城
http://esf.fengdu.fang.com=500230,丰都
http://esf.fenghua.fang.com=330283,奉化
http://esf.fengjie.fang.com=500236,奉节
http://esf.fjax.fang.com=350524,安溪
http://esf.fq.fang.com=350181,福清
http://esf.fs.fang.com=4406,佛山
http://esf.fs.soufun.com=4406,佛山
http://esf.fuan.fang.com=350981,福安
http://esf.fuling.fang.com=500102,涪陵
http://esf.fuling.soufun.com=500102,涪陵
http://esf.funing.fang.com=320923,阜宁
http://esf.fushun.fang.com=2104,抚顺
http://esf.fushun.soufun.com=2104,抚顺
http://esf.fuxin.fang.com=2109,阜新
http://esf.fuxin.soufun.com=2109,阜新
http://esf.fuyang.fang.com=3412,阜阳
http://esf.fuyang.soufun.com=3412,阜阳
http://esf.fz.fang.com=3501,福州
http://esf.fz.soufun.com=3501,福州
http://esf.gannan.fang.com=6230,甘南
http://esf.ganzhou.fang.com=3607,赣州
http://esf.ganzhou.soufun.com=3607,赣州
http://esf.ganzi.fang.com=5133,甘孜
http://esf.gaobeidian.fang.com=130684,高碑店
http://esf.gaoling.fang.com=610126,高陵
http://esf.gaomi.fang.com=370785,高密
http://esf.gaoyou.fang.com=321084,高邮
http://esf.gdlm.fang.com=441324,龙门
http://esf.gongyi.fang.com=410181,巩义
http://esf.gongzhuling.fang.com=220381,公主岭
http://esf.guangan.fang.com=5116,广安
http://esf.guangan.soufun.com=5116,广安
http://esf.guangrao.fang.com=370523,广饶
http://esf.guangyuan.fang.com=5108,广元
http://esf.guangyuan.soufun.com=5108,广元
http://esf.guigang.fang.com=4508,贵港
http://esf.guilin.fang.com=4503,桂林
http://esf.guilin.soufun.com=4503,桂林
http://esf.guoluo.fang.com=6326,果洛
http://esf.guyuan.fang.com=6404,固原
http://esf.guyuan.soufun.com=6404,固原
http://esf.guzhen.fang.com=340323,固镇
http://esf.gxby.fang.com=450126,宾阳
http://esf.gy.fang.com=5201,贵阳
http://esf.gy.soufun.com=5201,贵阳
http://esf.gz.fang.com=4401,广州
http://esf.gz.soufun.com=4401,广州
http://esf.haian.fang.com=320621,海安
http://esf.haibei.fang.com=6322,海北
http://esf.haicheng.fang.com=210381,海城
http://esf.haidong.fang.com=6302,海东
http://esf.hailaer.fang.com=150702,海拉尔
http://esf.hailin.fang.com=231083,海林
http://esf.haimen.fang.com=320684,海门
http://esf.haining.fang.com=330481,海宁
http://esf.haixi.fang.com=6328,海西
http://esf.haiyang.fang.com=370687,海阳
http://esf.hami.fang.com=6522,哈密
http://esf.hanzhong.fang.com=6107,汉中
http://esf.hbbz.fang.com=131081,霸州
http://esf.hbjs.fang.com=420821,京山
http://esf.hbjz.fang.com=130183,晋州
http://esf.hblt.fang.com=130225,乐亭
http://esf.hbps.fang.com=130131,平山
http://esf.hbql.fang.com=130321,青龙
http://esf.hbwj.fang.com=130130,无极
http://esf.hbys.fang.com=130132,元氏
http://esf.hbzx.fang.com=130133,赵县
http://esf.hd.fang.com=1304,邯郸
http://esf.hd.soufun.com=1304,邯郸
http://esf.hebi.fang.com=4106,鹤壁
http://esf.hebi.soufun.com=4106,鹤壁
http://esf.hechi.fang.com=4512,河池
http://esf.hechi.soufun.com=4512,河池
http://esf.hechuan.fang.com=500117,合川
http://esf.hechuan.soufun.com=500117,合川
http://esf.hegang.fang.com=2304,鹤岗
http://esf.hegang.soufun.com=2304,鹤岗
http://esf.heihe.fang.com=2311,黑河
http://esf.heihe.soufun.com=2311,黑河
http://esf.hengxian.fang.com=450127,横县
http://esf.hengyang.fang.com=4304,衡阳
http://esf.hengyang.soufun.com=4304,衡阳
http://esf.heshan.fang.com=4407,鹤山
http://esf.hetian.fang.com=6532,和田
http://esf.heyuan.fang.com=4416,河源
http://esf.heyuan.soufun.com=4416,河源
http://esf.heze.fang.com=3717,菏泽
http://esf.hezhou.fang.com=4511,贺州
http://esf.hezhou.soufun.com=4511,贺州
http://esf.hf.fang.com=3401,合肥
http://esf.hf.soufun.com=3401,合肥
http://esf.hk.soufun.com=8100,香港
http://esf.hlbe.fang.com=1507,呼伦贝尔
http://esf.hljyichun.fang.com=2307,伊春
http://esf.hljyichun.soufun.com=2307,伊春
http://esf.hn.fang.com=6325,海南
http://esf.hn.soufun.com=6325,海南
http://esf.hnxa.fang.com=410323,新安
http://esf.hnyy.fang.com=410327,宜阳
http://esf.hnyz.fang.com=411081,禹州
http://esf.honghe.fang.com=5325,红河
http://esf.honghe.soufun.com=5325,红河
http://esf.hrb.fang.com=2301,哈尔滨
http://esf.hrb.soufun.com=2301,哈尔滨
http://esf.hs.fang.com=1311,衡水
http://esf.hs.soufun.com=1311,衡水
http://esf.huadian.fang.com=220282,桦甸
http://esf.huaian.fang.com=3208,淮安
http://esf.huaian.soufun.com=3208,淮安
http://esf.huaibei.fang.com=3406,淮北
http://esf.huaibei.soufun.com=3406,淮北
http://esf.huaihua.fang.com=4312,怀化
http://esf.huaihua.soufun.com=4312,怀化
http://esf.huainan.fang.com=3404,淮南
http://esf.huairen.fang.com=140624,怀仁
http://esf.huaiyuan.fang.com=340321,怀远
http://esf.huanggang.fang.com=4211,黄冈
http://esf.huanggang.soufun.com=4211,黄冈
http://esf.huangnan.fang.com=6323,黄南
http://esf.huangshan.fang.com=3410,黄山
http://esf.huangshan.soufun.com=3410,黄山
http://esf.huangshi.fang.com=4202,黄石
http://esf.huangshi.soufun.com=4202,黄石
http://esf.huian.fang.com=350521,惠安
http://esf.huidong.fang.com=441323,惠东
http://esf.huizhou.fang.com=4413,惠州
http://esf.huizhou.soufun.com=4413,惠州
http://esf.huludao.fang.com=2114,葫芦岛
http://esf.huludao.soufun.com=2114,葫芦岛
http://esf.huoqiu.fang.com=341522,霍邱
http://esf.huxian.fang.com=610125,户县
http://esf.huzhou.fang.com=3305,湖州
http://esf.huzhou.soufun.com=3305,湖州
http://esf.hz.fang.com=3301,杭州
http://esf.hz.soufun.com=3301,杭州
http://esf.jc.fang.com=1405,晋城
http://esf.jc.soufun.com=1405,晋城
http://esf.jh.fang.com=3307,金华
http://esf.jh.soufun.com=3307,金华
http://esf.jiamusi.fang.com=2308,佳木斯
http://esf.jiamusi.soufun.com=2308,佳木斯
http://esf.jiande.fang.com=330182,建德
http://esf.jian.fang.com=3608,吉安
http://esf.jiangdu.fang.com=321012,江都
http://esf.jiangjin.fang.com=500116,江津
http://esf.jiangyan.fang.com=321204,姜堰
http://esf.jian.soufun.com=3608,吉安
http://esf.jianyang.fang.com=512081,简阳
http://esf.jiaonan.fang.com=370211,胶南
http://esf.jiaozhou.fang.com=370281,胶州
http://esf.jiaozuo.fang.com=4108,焦作
http://esf.jiaozuo.soufun.com=4108,焦作
http://esf.jiayuguan.fang.com=6202,嘉峪关
http://esf.jiayuguan.soufun.com=6202,嘉峪关
http://esf.jieyang.fang.com=4452,揭阳
http://esf.jieyang.soufun.com=4452,揭阳
http://esf.jimo.fang.com=370282,即墨
http://esf.jinchang.fang.com=6203,金昌
http://esf.jinchang.soufun.com=6203,金昌
http://esf.jingdezhen.fang.com=3602,景德镇
http://esf.jingdezhen.soufun.com=3602,景德镇
http://esf.jingjiang.fang.com=321282,靖江
http://esf.jingmen.fang.com=4208,荆门
http://esf.jingmen.soufun.com=4208,荆门
http://esf.jingzhou.fang.com=4210,荆州
http://esf.jingzhou.soufun.com=4210,荆州
http://esf.jinhu.fang.com=320831,金湖
http://esf.jining.fang.com=3708,济宁
http://esf.jining.soufun.com=3708,济宁
http://esf.jintan.fang.com=320482,金坛
http://esf.jinxian.fang.com=360124,进贤
http://esf.jinzhong.fang.com=1407,晋中
http://esf.jinzhong.soufun.com=1407,晋中
http://esf.jinzhou.fang.com=2107,锦州
http://esf.jinzhou.soufun.com=2107,锦州
http://esf.jiujiang.fang.com=3604,九江
http://esf.jiujiang.soufun.com=3604,九江
http://esf.jiuquan.fang.com=6209,酒泉
http://esf.jiuquan.soufun.com=6209,酒泉
http://esf.jixi.fang.com=2303,鸡西
http://esf.jixi.soufun.com=2303,鸡西
http://esf.jiyuan.fang.com=419001,济源
http://esf.jl.fang.com=2202,吉林
http://esf.jl.soufun.com=2202,吉林
http://esf.jlys.fang.com=220182,榆树
http://esf.jm.fang.com=4407,江门
http://esf.jm.soufun.com=4407,江门
http://esf.jncq.fang.com=370113,长清
http://esf.jn.fang.com=3701,济南
http://esf.jn.soufun.com=3701,济南
http://esf.jr.fang.com=321183,句容
http://esf.jsfx.fang.com=320321,丰县
http://esf.jssn.fang.com=320324,睢宁
http://esf.jx.fang.com=3304,嘉兴
http://esf.jxfc.fang.com=360981,丰城
http://esf.jxfuzhou.fang.com=3610,抚州
http://esf.jxfuzhou.soufun.com=3610,抚州
http://esf.jxja.fang.com=360925,靖安
http://esf.jx.soufun.com=3304,嘉兴
http://esf.jy.fang.com=320281,江阴
http://esf.jy.soufun.com=320281,江阴
http://esf.kaifeng.fang.com=4102,开封
http://esf.kaili.fang.com=522601,凯里
http://esf.kaiping.fang.com=440783,开平
http://esf.kaixian.fang.com=500234,开县
http://esf.kaiyang.fang.com=520121,开阳
http://esf.kangping.fang.com=210123,康平
http://esf.kashi.fang.com=6531,喀什
http://esf.kelamayi.fang.com=6502,克拉玛依
http://esf.kelamayi.soufun.com=6502,克拉玛依
http://esf.km.fang.com=5301,昆明
http://esf.km.soufun.com=5301,昆明
http://esf.ks.fang.com=320583,昆山
http://esf.ks.soufun.com=320583,昆山
http://esf.ksys.fang.com=361123,玉山
http://esf.kuerle.fang.com=652801,库尔勒
http://esf.kuitun.fang.com=654003,奎屯
http://esf.kzls.fang.com=6530,克孜勒苏
http://esf.laibin.fang.com=4513,来宾
http://esf.laibin.soufun.com=4513,来宾
http://esf.laiwu.fang.com=3712,莱芜
http://esf.laiwu.soufun.com=3712,莱芜
http://esf.laixi.fang.com=370285,莱西
http://esf.laiyang.fang.com=370682,莱阳
http://esf.laizhou.fang.com=370683,莱州
http://esf.lankao.fang.com=410225,兰考
http://esf.lantian.fang.com=610122,蓝田
http://esf.lasa.fang.com=5401,拉萨
http://esf.lc.fang.com=3715,聊城
http://esf.lc.soufun.com=3715,聊城
http://esf.leiyang.fang.com=430481,耒阳
http://esf.leshan.fang.com=5111,乐山
http://esf.leshan.soufun.com=5111,乐山
http://esf.lf.fang.com=1310,廊坊
http://esf.lf.soufun.com=1310,廊坊
http://esf.liangping.fang.com=500228,梁平
http://esf.liangshan.fang.com=5134,凉山
http://esf.liangshan.soufun.com=5134,凉山
http://esf.lianjiang.fang.com=350122,连江
http://esf.liaoyang.fang.com=2110,辽阳
http://esf.liaoyang.soufun.com=2110,辽阳
http://esf.liaoyuan.fang.com=2204,辽源
http://esf.liaoyuan.soufun.com=2204,辽源
http://esf.liaozhong.fang.com=210122,辽中
http://esf.lijiang.fang.com=5307,丽江
http://esf.lijiang.soufun.com=5307,丽江
http://esf.liling.fang.com=430281,醴陵
http://esf.linan.fang.com=330185,临安
http://esf.lincang.fang.com=5309,临沧
http://esf.lincang.soufun.com=5309,临沧
http://esf.linfen.fang.com=1410,临汾
http://esf.linfen.soufun.com=1410,临汾
http://esf.linhai.fang.com=331082,临海
http://esf.linqing.fang.com=371581,临清
http://esf.linqu.fang.com=370724,临朐
http://esf.linxia.fang.com=6229,临夏
http://esf.linyi.fang.com=3713,临沂
http://esf.linyi.soufun.com=3713,临沂
http://esf.linzhi.fang.com=5426,林芝
http://esf.liupanshui.fang.com=5202,六盘水
http://esf.liupanshui.soufun.com=5202,六盘水
http://esf.liuyang.fang.com=430181,浏阳
http://esf.liuzhou.fang.com=4502,柳州
http://esf.liuzhou.soufun.com=4502,柳州
http://esf.liyang.fang.com=320481,溧阳
http://esf.lnta.fang.com=210321,台安
http://esf.lnzh.fang.com=210283,庄河
http://esf.longhai.fang.com=350681,龙海
http://esf.longkou.fang.com=370681,龙口
http://esf.longnan.fang.com=6212,陇南
http://esf.longnan.soufun.com=6212,陇南
http://esf.longyan.fang.com=3508,龙岩
http://esf.longyan.soufun.com=3508,龙岩
http://esf.loudi.fang.com=4313,娄底
http://esf.loudi.soufun.com=4313,娄底
http://esf.lps.fang.com=5202,六盘水
http://esf.ls.fang.com=3311,丽水
http://esf.ls.soufun.com=3311,丽水
http://esf.luanchuan.fang.com=410324,栾川
http://esf.luan.fang.com=3415,六安
http://esf.luannan.fang.com=130224,滦南
http://esf.luan.soufun.com=3415,六安
http://esf.luanxian.fang.com=130223,滦县
http://esf.lujiang.fang.com=340124,庐江
http://esf.luohe.fang.com=4111,漯河
http://esf.luohe.soufun.com=4111,漯河
http://esf.luoning.fang.com=410328,洛宁
http://esf.luoyuan.fang.com=350123,罗源
http://esf.luzhou.fang.com=5105,泸州
http://esf.luzhou.soufun.com=5105,泸州
http://esf.lvliang.fang.com=1411,吕梁
http://esf.lvliang.soufun.com=1411,吕梁
http://esf.ly.fang.com=4103,洛阳
http://esf.lyg.fang.com=3207,连云港
http://esf.lyg.soufun.com=3207,连云港
http://esf.ly.soufun.com=4103,洛阳
http://esf.lz.fang.com=6201,兰州
http://esf.lz.soufun.com=6201,兰州
http://esf.macau.fang.com=8200,澳门
http://esf.maoming.fang.com=4409,茂名
http://esf.mas.fang.com=3405,马鞍山
http://esf.mas.soufun.com=3405,马鞍山
http://esf.meishan.fang.com=5114,眉山
http://esf.meishan.soufun.com=5114,眉山
http://esf.meizhou.fang.com=4414,梅州
http://esf.meizhou.soufun.com=4414,梅州
http://esf.mengjin.fang.com=410322,孟津
http://esf.mianyang.fang.com=5107,绵阳
http://esf.mianyang.soufun.com=5107,绵阳
http://esf.minqing.fang.com=350124,闽清
http://esf.mudanjiang.fang.com=2310,牡丹江
http://esf.mudanjiang.soufun.com=2310,牡丹江
http://esf.nanan.fang.com=350583,南安
http://esf.nanchong.fang.com=5113,南充
http://esf.nanchong.soufun.com=5113,南充
http://esf.nanjing.fang.com=3201,南京
http://esf.nanjing.soufun.com=3201,南京
http://esf.nanping.fang.com=3507,南平
http://esf.nanping.soufun.com=3507,南平
http://esf.nanyang.fang.com=4113,南阳
http://esf.nanyang.soufun.com=4113,南阳
http://esf.naqu.fang.com=5424,那曲
http://esf.nb.fang.com=3302,宁波
http://esf.nb.soufun.com=3302,宁波
http://esf.nc.fang.com=3601,南昌
http://esf.nc.soufun.com=3601,南昌
http://esf.neijiang.fang.com=5110,内江
http://esf.neijiang.soufun.com=5110,内江
http://esf.ningde.fang.com=3509,宁德
http://esf.ningde.soufun.com=3509,宁德
http://esf.ninghai.fang.com=330226,宁海
http://esf.ningxiang.fang.com=430124,宁乡
http://esf.njgc.fang.com=320118,高淳
http://esf.nm.fang.com=1501,呼和浩特
http://esf.nm.soufun.com=1501,呼和浩特
http://esf.nn.fang.com=4501,南宁
http://esf.nn.soufun.com=4501,南宁
http://esf.nongan.fang.com=220122,农安
http://esf.nt.fang.com=3206,南通
http://esf.nt.soufun.com=3206,南通
http://esf.nujiang.fang.com=5333,怒江
http://esf.panjin.fang.com=2111,盘锦
http://esf.panjin.soufun.com=2111,盘锦
http://esf.panzhihua.fang.com=5104,攀枝花
http://esf.panzhihua.soufun.com=5104,攀枝花
http://esf.peixian.fang.com=320322,沛县
http://esf.penglai.fang.com=370684,蓬莱
http://esf.pengzhou.fang.com=510182,彭州
http://esf.pingdingshan.fang.com=4104,平顶山
http://esf.pingdingshan.soufun.com=4104,平顶山
http://esf.pingdu.fang.com=370283,平度
http://esf.pinghu.fang.com=330482,平湖
http://esf.pingliang.fang.com=6208,平凉
http://esf.pingliang.soufun.com=6208,平凉
http://esf.pingtan.fang.com=350128,平潭
http://esf.pingxiang.fang.com=3603,萍乡
http://esf.pingxiang.soufun.com=3603,萍乡
http://esf.pizhou.fang.com=320382,邳州
http://esf.puer.fang.com=5308,普洱
http://esf.puer.soufun.com=5308,普洱
http://esf.pulandian.fang.com=210282,普兰店
http://esf.puning.fang.com=445281,普宁
http://esf.putian.fang.com=3503,莆田
http://esf.putian.soufun.com=3503,莆田
http://esf.puyang.fang.com=4109,濮阳
http://esf.puyang.soufun.com=4109,濮阳
http://esf.qd.fang.com=3702,青岛
http://esf.qdn.fang.com=5226,黔东南
http://esf.qd.soufun.com=3702,青岛
http://esf.qhd.fang.com=1303,秦皇岛
http://esf.qhd.soufun.com=1303,秦皇岛
http://esf.qianan.fang.com=130283,迁安
http://esf.qiandongnan.fang.com=5226,黔东南
http://esf.qiandongnan.soufun.com=5226,黔东南
http://esf.qianjiang.fang.com=500114,黔江
http://esf.qiannan.fang.com=5227,黔南
http://esf.qiannan.soufun.com=5227,黔南
http://esf.qianxi.fang.com=130227,迁西
http://esf.qianxinan.fang.com=5223,黔西南
http://esf.qianxinan.soufun.com=5223,黔西南
http://esf.qidong.fang.com=320681,启东
http://esf.qijiang.fang.com=500110,綦江
http://esf.qijiang.soufun.com=500110,綦江
http://esf.qingxu.fang.com=140121,清徐
http://esf.qingyang.fang.com=6210,庆阳
http://esf.qingyang.soufun.com=6210,庆阳
http://esf.qingyuan.fang.com=4418,清远
http://esf.qingyuan.soufun.com=4418,清远
http://esf.qingzhen.fang.com=520181,清镇
http://esf.qingzhou.fang.com=370781,青州
http://esf.qinzhou.fang.com=4507,钦州
http://esf.qinzhou.soufun.com=4507,钦州
http://esf.qionglai.fang.com=510183,邛崃
http://esf.qiqihaer.fang.com=2302,齐齐哈尔
http://esf.qiqihaer.soufun.com=2302,齐齐哈尔
http://esf.qitaihe.fang.com=2309,七台河
http://esf.qitaihe.soufun.com=2309,七台河
http://esf.qixia.fang.com=370686,栖霞
http://esf.qj.fang.com=429005,潜江
http://esf.quangang.fang.com=350505,泉港
http://esf.quanshan.fang.com=320311,泉山
http://esf.qujing.fang.com=5303,曲靖
http://esf.qujing.soufun.com=5303,曲靖
http://esf.quzhou.fang.com=3308,衢州
http://esf.quzhou.soufun.com=3308,衢州
http://esf.qz.fang.com=3505,泉州
http://esf.qz.soufun.com=3505,泉州
http://esf.renqiu.fang.com=130982,任丘
http://esf.rikaze.fang.com=5402,日喀则
http://esf.rongchang.fang.com=500226,荣昌
http://esf.rudong.fang.com=320623,如东
http://esf.rugao.fang.com=320682,如皋
http://esf.ruian.fang.com=330381,瑞安
http://esf.ruijin.fang.com=360781,瑞金
http://esf.ruyang.fang.com=410326,汝阳
http://esf.ruzhou.fang.com=410482,汝州
http://esf.rz.fang.com=3711,日照
http://esf.sanmenxia.fang.com=4112,三门峡
http://esf.sanmenxia.soufun.com=4112,三门峡
http://esf.sanming.fang.com=3504,三明
http://esf.sanming.soufun.com=3504,三明
http://esf.sansha.fang.com=4603,三沙
http://esf.sanya.fang.com=4602,三亚
http://esf.sanya.soufun.com=4602,三亚
http://esf.scjt.fang.com=510121,金堂
http://esf.sdcl.fang.com=370725,昌乐
http://esf.sdjy.fang.com=370125,济阳
http://esf.sdpy.fang.com=370124,平阴
http://esf.sdsh.fang.com=370126,商河
http://esf.sg.fang.com=370783,寿光
http://esf.shangluo.fang.com=6110,商洛
http://esf.shangluo.soufun.com=6110,商洛
http://esf.shangqiu.fang.com=4114,商丘
http://esf.shangqiu.soufun.com=4114,商丘
http://esf.shangrao.fang.com=3611,上饶
http://esf.shangrao.soufun.com=3611,上饶
http://esf.shangyu.fang.com=330604,上虞
http://esf.shangzhi.fang.com=230183,尚志
http://esf.shannan.fang.com=5422,山南
http://esf.shanwei.fang.com=4415,汕尾
http://esf.shanwei.soufun.com=4415,汕尾
http://esf.shaoguan.fang.com=4402,韶关
http://esf.shaoguan.soufun.com=4402,韶关
http://esf.shaoxing.fang.com=3306,绍兴
http://esf.shaoxing.soufun.com=3306,绍兴
http://esf.shaoyang.fang.com=4305,邵阳
http://esf.shaoyang.soufun.com=4305,邵阳
http://esf.shennongjia.fang.com=429021,神农架
http://esf.sh.fang.com=3101,上海
http://esf.shihezi.fang.com=659001,石河子
http://esf.shishi.fang.com=350581,石狮
http://esf.shiyan.fang.com=4203,十堰
http://esf.shiyan.soufun.com=4203,十堰
http://esf.shizhu.fang.com=500240,石柱
http://esf.shizuishan.fang.com=6402,石嘴山
http://esf.shizuishan.soufun.com=6402,石嘴山
http://esf.sh.soufun.com=3101,上海
http://esf.shuangyashan.fang.com=2305,双鸭山
http://esf.shuangyashan.soufun.com=2305,双鸭山
http://esf.shunde.fang.com=440606,顺德
http://esf.shunde.soufun.com=440606,顺德
http://esf.shuozhou.fang.com=1406,朔州
http://esf.shuozhou.soufun.com=1406,朔州
http://esf.shuyang.fang.com=321322,沭阳
http://esf.siping.fang.com=2203,四平
http://esf.siping.soufun.com=2203,四平
http://esf.sjz.fang.com=1301,石家庄
http://esf.sjz.soufun.com=1301,石家庄
http://esf.songxian.fang.com=410325,嵩县
http://esf.songyuan.fang.com=2207,松原
http://esf.songyuan.soufun.com=2207,松原
http://esf.sq.fang.com=3213,宿迁
http://esf.sq.soufun.com=3213,宿迁
http://esf.st.fang.com=4405,汕头
http://esf.st.soufun.com=4405,汕头
http://esf.suihua.fang.com=2312,绥化
http://esf.suihua.soufun.com=2312,绥化
http://esf.suining.fang.com=5109,遂宁
http://esf.suining.soufun.com=5109,遂宁
http://esf.suizhou.fang.com=4213,随州
http://esf.suizhou.soufun.com=4213,随州
http://esf.suzhou.fang.com=3205,苏州
http://esf.suzhou.soufun.com=3205,苏州
http://esf.sxly.fang.com=140821,临猗
http://esf.sxyulin.fang.com=6108,榆林
http://esf.sxyulin.soufun.com=6108,榆林
http://esf.sy.fang.com=2101,沈阳
http://esf.sy.soufun.com=2101,沈阳
http://esf.sz.fang.com=4403,深圳
http://esf.sz.soufun.com=4403,深圳
http://esf.taian.fang.com=3709,泰安
http://esf.taian.soufun.com=3709,泰安
http://esf.taishan.fang.com=440781,台山
http://esf.taixing.fang.com=321283,泰兴
http://esf.taiyuan.fang.com=1401,太原
http://esf.taiyuan.soufun.com=1401,太原
http://esf.taizhou.fang.com=3212,泰州
http://esf.taizhou.soufun.com=3212,泰州
http://esf.tc.fang.com=320585,太仓
http://esf.tc.soufun.com=320585,太仓
http://esf.tengzhou.fang.com=370481,滕州
http://esf.tianmen.fang.com=429006,天门
http://esf.tianshui.fang.com=6205,天水
http://esf.tianshui.soufun.com=6205,天水
http://esf.tieling.fang.com=2112,铁岭
http://esf.tieling.soufun.com=2112,铁岭
http://esf.tj.fang.com=1201,天津
http://esf.tjjx.fang.com=120225,蓟县
http://esf.tj.soufun.com=1201,天津
http://esf.tl.fang.com=1505,通辽
http://esf.tmsk.fang.com=659003,图木舒克
http://esf.tongcheng.fang.com=340881,桐城
http://esf.tongchuan.fang.com=6102,铜川
http://esf.tongchuan.soufun.com=6102,铜川
http://esf.tonghua.fang.com=2205,通化
http://esf.tonghua.soufun.com=2205,通化
http://esf.tongliang.fang.com=500151,铜梁
http://esf.tongling.fang.com=3407,铜陵
http://esf.tongling.soufun.com=3407,铜陵
http://esf.tongnan.fang.com=500223,潼南
http://esf.tongren.fang.com=5206,铜仁
http://esf.tongren.soufun.com=5206,铜仁
http://esf.tongshan.fang.com=320312,铜山
http://esf.tongxiang.fang.com=330483,桐乡
http://esf.ts.fang.com=1302,唐山
http://esf.ts.soufun.com=1302,唐山
http://esf.tulufan.fang.com=6521,吐鲁番
http://esf.tz.fang.com=3310,台州
http://esf.tz.soufun.com=3310,台州
http://esf.wafangdian.fang.com=210281,瓦房店
http://esf.wanning.fang.com=469006,万宁
http://esf.wanzhou.fang.com=500101,万州
http://esf.wanzhou.soufun.com=500101,万州
http://esf.weihai.fang.com=3710,威海
http://esf.weihai.soufun.com=3710,威海
http://esf.weinan.fang.com=6105,渭南
http://esf.weinan.soufun.com=6105,渭南
http://esf.wenan.fang.com=131026,文安
http://esf.wenling.fang.com=331081,温岭
http://esf.wenshan.fang.com=5326,文山
http://esf.wenshan.soufun.com=5326,文山
http://esf.wf.fang.com=3707,潍坊
http://esf.wf.soufun.com=3707,潍坊
http://esf.whhn.fang.com=420113,汉南
http://esf.wj.fang.com=320509,吴江
http://esf.wj.soufun.com=320509,吴江
http://esf.wlcb.fang.com=1509,乌兰察布
http://esf.wuan.fang.com=130481,武安
http://esf.wuchang.fang.com=230184,五常
http://esf.wuhai.fang.com=1503,乌海
http://esf.wuhan.fang.com=4201,武汉
http://esf.wuhan.soufun.com=4201,武汉
http://esf.wuhe.fang.com=340322,五河
http://esf.wuhu.fang.com=3402,芜湖
http://esf.wuhu.soufun.com=3402,芜湖
http://esf.wujiaqu.fang.com=659004,五家渠
http://esf.wulong.fang.com=500232,武隆
http://esf.wushan.fang.com=500237,巫山
http://esf.wuwei.fang.com=6206,武威
http://esf.wuwei.soufun.com=6206,武威
http://esf.wuxi.fang.com=3202,无锡
http://esf.wuxi.soufun.com=3202,无锡
http://esf.wuzhishan.fang.com=469001,五指山
http://esf.wuzhong.fang.com=6403,吴忠
http://esf.wuzhong.soufun.com=6403,吴忠
http://esf.wuzhou.fang.com=4504,梧州
http://esf.wuzhou.soufun.com=4504,梧州
http://esf.wz.fang.com=3303,温州
http://esf.wz.soufun.com=3303,温州
http://esf.xam.fang.com=1522,兴安盟
http://esf.xian.fang.com=6101,西安
http://esf.xiangxiang.fang.com=430381,湘乡
http://esf.xiangxi.fang.com=4331,湘西
http://esf.xiangxi.soufun.com=4331,湘西
http://esf.xiangyang.fang.com=4206,襄阳
http://esf.xiangyang.soufun.com=4206,襄阳
http://esf.xianning.fang.com=4212,咸宁
http://esf.xianning.soufun.com=4212,咸宁
http://esf.xian.soufun.com=6101,西安
http://esf.xiantao.fang.com=429004,仙桃
http://esf.xianyang.fang.com=6104,咸阳
http://esf.xianyang.soufun.com=6104,咸阳
http://esf.xiaogan.fang.com=4209,孝感
http://esf.xiaogan.soufun.com=4209,孝感
http://esf.xilinhaote.fang.com=152502,锡林浩特
http://esf.xinghua.fang.com=321281,兴化
http://esf.xingtai.fang.com=1305,邢台
http://esf.xingtai.soufun.com=1305,邢台
http://esf.xingyang.fang.com=410182,荥阳
http://esf.xinjian.fang.com=360122,新建
http://esf.xinji.fang.com=130181,辛集
http://esf.xinjin.fang.com=510132,新津
http://esf.xinle.fang.com=130184,新乐
http://esf.xinmi.fang.com=410183,新密
http://esf.xinmin.fang.com=210181,新民
http://esf.xintai.fang.com=370982,新泰
http://esf.xinyang.fang.com=4115,信阳
http://esf.xinyang.soufun.com=4115,信阳
http://esf.xinyi.fang.com=320381,新沂
http://esf.xinyu.fang.com=3605,新余
http://esf.xinyu.soufun.com=3605,新余
http://esf.xinzheng.fang.com=410184,新郑
http://esf.xinzhou.fang.com=1409,忻州
http://esf.xinzhou.soufun.com=1409,忻州
http://esf.xishuangbanna.fang.com=5328,西双版纳
http://esf.xishuangbanna.soufun.com=5328,西双版纳
http://esf.xiuwen.fang.com=520123,修文
http://esf.xj.fang.com=6501,乌鲁木齐
http://esf.xj.soufun.com=6501,乌鲁木齐
http://esf.xlglm.fang.com=1525,锡林郭勒盟
http://esf.xm.fang.com=3502,厦门
http://esf.xm.soufun.com=3502,厦门
http://esf.xn.fang.com=6301,西宁
http://esf.xn.soufun.com=6301,西宁
http://esf.xt.fang.com=4303,湘潭
http://esf.xt.soufun.com=4303,湘潭
http://esf.xuancheng.fang.com=3418,宣城
http://esf.xuancheng.soufun.com=3418,宣城
http://esf.xuchang.fang.com=4110,许昌
http://esf.xuchang.soufun.com=4110,许昌
http://esf.xx.fang.com=4107,新乡
http://esf.xx.soufun.com=4107,新乡
http://esf.xz.fang.com=3203,徐州
http://esf.xz.soufun.com=3203,徐州
http://esf.yaan.fang.com=5118,雅安
http://esf.yaan.soufun.com=5118,雅安
http://esf.yanan.fang.com=6106,延安
http://esf.yanan.soufun.com=6106,延安
http://esf.yanbian.fang.com=2224,延边
http://esf.yanbian.soufun.com=2224,延边
http://esf.yancheng.fang.com=3209,盐城
http://esf.yancheng.soufun.com=3209,盐城
http://esf.yangchun.fang.com=441781,阳春
http://esf.yangjiang.fang.com=4417,阳江
http://esf.yangjiang.soufun.com=4417,阳江
http://esf.yangquan.fang.com=1403,阳泉
http://esf.yangquan.soufun.com=1403,阳泉
http://esf.yangqu.fang.com=140122,阳曲
http://esf.yanling.fang.com=411024,鄢陵
http://esf.yanshi.fang.com=410381,偃师
http://esf.yc.fang.com=4205,宜昌
http://esf.yc.soufun.com=4205,宜昌
http://esf.yibin.fang.com=5115,宜宾
http://esf.yibin.soufun.com=5115,宜宾
http://esf.yichuan.fang.com=410329,伊川
http://esf.yichun.fang.com=3609,宜春
http://esf.yichun.soufun.com=3609,宜春
http://esf.yidu.fang.com=420581,宜都
http://esf.yilan.fang.com=230123,依兰
http://esf.yili.fang.com=6540,伊犁
http://esf.yinchuan.fang.com=6401,银川
http://esf.yinchuan.soufun.com=6401,银川
http://esf.yingtan.fang.com=3606,鹰潭
http://esf.yingtan.soufun.com=3606,鹰潭
http://esf.yiwu.fang.com=330782,义乌
http://esf.yixing.fang.com=320282,宜兴
http://esf.yixing.soufun.com=320282,宜兴
http://esf.yiyang.fang.com=4309,益阳
http://esf.yiyang.soufun.com=4309,益阳
http://esf.yizheng.fang.com=321081,仪征
http://esf.yk.fang.com=2108,营口
http://esf.yk.soufun.com=2108,营口
http://esf.yl.fang.com=4509,玉林
http://esf.yl.soufun.com=4509,玉林
http://esf.ynyl.fang.com=530125,宜良
http://esf.yongcheng.fang.com=411481,永城
http://esf.yongchuan.fang.com=500118,永川
http://esf.yongchuan.soufun.com=500118,永川
http://esf.yongchun.fang.com=350525,永春
http://esf.yongdeng.fang.com=620121,永登
http://esf.yongkang.fang.com=330784,永康
http://esf.yongning.fang.com=450109,邕宁
http://esf.yongtai.fang.com=350125,永泰
http://esf.yongzhou.fang.com=4311,永州
http://esf.yongzhou.soufun.com=4311,永州
http://esf.youxian.fang.com=430223,攸县
http://esf.ytcd.fang.com=370634,长岛
http://esf.yt.fang.com=3706,烟台
http://esf.yt.soufun.com=3706,烟台
http://esf.yueqing.fang.com=330382,乐清
http://esf.yueyang.fang.com=4306,岳阳
http://esf.yueyang.soufun.com=4306,岳阳
http://esf.yuhuan.fang.com=331021,玉环
http://esf.yuncheng.fang.com=1408,运城
http://esf.yuncheng.soufun.com=1408,运城
http://esf.yunfu.fang.com=4453,云浮
http://esf.yunfu.soufun.com=4453,云浮
http://esf.yunyang.fang.com=500235,云阳
http://esf.yushu.fang.com=6327,玉树
http://esf.yutian.fang.com=130229,玉田
http://esf.yuxi.fang.com=5304,玉溪
http://esf.yuxi.soufun.com=5304,玉溪
http://esf.yuyao.fang.com=330281,余姚
http://esf.yuzhong.fang.com=620123,榆中
http://esf.yz.fang.com=3210,扬州
http://esf.yz.soufun.com=3210,扬州
http://esf.zaozhuang.fang.com=3704,枣庄
http://esf.zaozhuang.soufun.com=3704,枣庄
http://esf.zb.fang.com=3703,淄博
http://esf.zb.soufun.com=3703,淄博
http://esf.zhangbei.fang.com=130722,张北
http://esf.zhangjiajie.fang.com=4308,张家界
http://esf.zhangjiajie.soufun.com=4308,张家界
http://esf.zhangjiakou.fang.com=1307,张家口
http://esf.zhangjiakou.soufun.com=1307,张家口
http://esf.zhangqiu.fang.com=370181,章丘
http://esf.zhangye.fang.com=6207,张掖
http://esf.zhangye.soufun.com=6207,张掖
http://esf.zhangzhou.fang.com=3506,漳州
http://esf.zhangzhou.soufun.com=3506,漳州
http://esf.zhaodong.fang.com=231282,肇东
http://esf.zhaoqing.fang.com=4412,肇庆
http://esf.zhaoqing.soufun.com=4412,肇庆
http://esf.zhaotong.fang.com=5306,昭通
http://esf.zhaotong.soufun.com=5306,昭通
http://esf.zhaoyuan.fang.com=230622,肇源
http://esf.zhaozhou.fang.com=230621,肇州
http://esf.zhenhai.fang.com=330211,镇海
http://esf.zhenjiang.fang.com=3211,镇江
http://esf.zhenjiang.soufun.com=3211,镇江
http://esf.zh.fang.com=4404,珠海
http://esf.zhijiang.fang.com=420583,枝江
http://esf.zhongmou.fang.com=410122,中牟
http://esf.zhongwei.fang.com=6405,中卫
http://esf.zhongwei.soufun.com=6405,中卫
http://esf.zhongxian.fang.com=500233,忠县
http://esf.zhongxiang.fang.com=420881,钟祥
http://esf.zhoukou.fang.com=4116,周口
http://esf.zhoukou.soufun.com=4116,周口
http://esf.zhoushan.fang.com=3309,舟山
http://esf.zhoushan.soufun.com=3309,舟山
http://esf.zhouzhi.fang.com=610124,周至
http://esf.zh.soufun.com=4404,珠海
http://esf.zhuanghe.fang.com=210283,庄河
http://esf.zhucheng.fang.com=370782,诸城
http://esf.zhuji.fang.com=330681,诸暨
http://esf.zhumadian.fang.com=4117,驻马店
http://esf.zhumadian.soufun.com=4117,驻马店
http://esf.zhuzhou.fang.com=4302,株洲
http://esf.zhuzhou.soufun.com=4302,株洲
http://esf.zigong.fang.com=5103,自贡
http://esf.zigong.soufun.com=5103,自贡
http://esf.ziyang.fang.com=5120,资阳
http://esf.ziyang.soufun.com=5120,资阳
http://esf.zj.fang.com=4408,湛江
http://esf.zjfy.fang.com=330183,富阳
http://esf.zjg.fang.com=320582,张家港
http://esf.zjg.soufun.com=320582,张家港
http://esf.zj.soufun.com=4408,湛江
http://esf.zjtl.fang.com=330122,桐庐
http://esf.zjxs.fang.com=330225,象山
http://esf.zoucheng.fang.com=370883,邹城
http://esf.zouping.fang.com=371626,邹平
http://esf.zs.fang.com=4420,中山
http://esf.zs.soufun.com=4420,中山
http://esf.zunhua.fang.com=130281,遵化
http://esf.zunyi.fang.com=5203,遵义
http://esf.zunyi.soufun.com=5203,遵义
http://esf.zy.fang.com=370685,招远
http://esf.zz.fang.com=4101,郑州
http://esf.zz.soufun.com=4101,郑州
http://ez.58.com=4207,鄂州
http://ezhou.anjuke.com=4207,鄂州
http://ezhou.ganji.com=4207,鄂州
http://ezhou.liebiao.com=4207,鄂州
http://fangchenggang.anjuke.com=4506,防城港
http://fangchenggang.ganji.com=4506,防城港
http://fangchenggang.liebiao.com=4506,防城港
http://fcg.58.com=4506,防城港
http://foshan.anjuke.com=4406,佛山
http://foshan.ganji.com=4406,佛山
http://foshan.liebiao.com=4406,佛山
http://fs.58.com=4406,佛山
http://fs.mytophome.com=4406,佛山
http://fushun.58.com=2104,抚顺
http://fushun.anjuke.com=2104,抚顺
http://fushun.ganji.com=2104,抚顺
http://fushun.liebiao.com=2104,抚顺
http://fuxin.anjuke.com=2109,阜新
http://fuxin.ganji.com=2109,阜新
http://fuxin.liebiao.com=2109,阜新
http://fuyang.anjuke.com=3412,阜阳
http://fuyang.ganji.com=3412,阜阳
http://fuyang.liebiao.com=3412,阜阳
http://fuzhou.58.com=3610,抚州
http://fuzhou.liebiao.com=3501,福州
http://fuzhoushi.anjuke.com=3610,抚州
http://fx.58.com=2109,阜新
http://fy.58.com=3412,阜阳
http://fz.58.com=3501,福州
http://fz.anjuke.com=3501,福州
http://fz.ganji.com=3501,福州
http://fz.liebiao.com=3610,抚州
http://ga.58.com=5116,广安
http://gaizexian.58.com=542526,改则
http://gannan.anjuke.com=6230,甘南
http://gannan.ganji.com=6230,甘南
http://gannan.liebiao.com=6230,甘南
http://ganzhou.58.com=3607,赣州
http://ganzhou.anjuke.com=3607,赣州
http://ganzhou.ganji.com=3607,赣州
http://ganzhou.liebiao.com=3607,赣州
http://ganzi.58.com=5133,甘孜
http://ganzi.anjuke.com=5133,甘孜
http://ganzi.ganji.com=5133,甘孜
http://ganzi.liebiao.com=5133,甘孜
http://gg.58.com=4508,贵港
http://gl.58.com=4503,桂林
http://gl.ganji.com=4503,桂林
http://gn.58.com=6230,甘南
http://gt.58.com=130433,馆陶
http://guangan.anjuke.com=5116,广安
http://guangan.ganji.com=5116,广安
http://guangan.liebiao.com=5116,广安
http://guangyuan.58.com=5108,广元
http://guangyuan.anjuke.com=5108,广元
http://guangyuan.ganji.com=5108,广元
http://guangyuan.liebiao.com=5108,广元
http://guangzhou.anjuke.com=4401,广州
http://guangzhou.liebiao.com=4401,广州
http://guangzhou.zlhome.com=4401,广州
http://guantao.anjuke.com=130433,馆陶
http://guigang.anjuke.com=4508,贵港
http://guigang.ganji.com=4508,贵港
http://guigang.liebiao.com=4508,贵港
http://guilin.anjuke.com=4503,桂林
http://guilin.fangtoo.com=4503,桂林
http://guilin.liebiao.com=4503,桂林
http://guiyang.liebiao.com=5201,贵阳
http://guoluo.58.com=6326,果洛
http://guoluo.anjuke.com=6326,果洛
http://guoluo.ganji.com=6326,果洛
http://guoluo.liebiao.com=6326,果洛
http://guyuan.58.com=6404,固原
http://guyuan.anjuke.com=6404,固原
http://guyuan.ganji.com=6404,固原
http://guyuan.liebiao.com=6404,固原
http://gxyulin.ganji.com=4509,玉林
http://gy.58.com=5201,贵阳
http://gy.anjuke.com=5201,贵阳
http://gy.ganji.com=5201,贵阳
http://gz.58.com=4401,广州
http://gz.centanet.com=4401,广州
http://gz.eeju.com=4401,广州
http://gz.ganji.com=4401,广州
http://gz.mytophome.com=4401,广州
http://ha.58.com=3208,淮安
http://haerbin.liebiao.com=2301,哈尔滨
http://haian.58.com=320621,海安
http://haibei.58.com=6322,海北
http://haibei.anjuke.com=6322,海北
http://haibei.ganji.com=6322,海北
http://haibei.liebiao.com=6322,海北
http://haidong.58.com=6302,海东
http://haidong.anjuke.com=6302,海东
http://haidong.ganji.com=6302,海东
http://haidong.liebiao.com=6302,海东
http://haikou.58.com=4601,海口
http://haikou.anjuke.com=4601,海口
http://haikou.liebiao.com=4601,海口
http://hailaer.anjuke.com=150702,海拉尔
http://haimen.58.com=320684,海门
http://hainan.58.com=6325,海南
http://hainan.anjuke.com=6325,海南
http://haining.58.com=330481,海宁
http://haixi.ganji.com=6328,海西
http://haixi.liebiao.com=6328,海西
http://hami.58.com=6522,哈密
http://hami.anjuke.com=6522,哈密
http://hami.ganji.com=6522,哈密
http://hami.liebiao.com=6522,哈密
http://handan.anjuke.com=1304,邯郸
http://handan.ganji.com=1304,邯郸
http://handan.liebiao.com=1304,邯郸
http://hangzhou.anjuke.com=3301,杭州
http://hangzhou.fangtoo.com=3301,杭州
http://hangzhou.liebiao.com=3301,杭州
http://hanzhong.58.com=6107,汉中
http://hanzhong.anjuke.com=6107,汉中
http://hanzhong.ganji.com=6107,汉中
http://hanzhong.liebiao.com=6107,汉中
http://hb.58.com=4106,鹤壁
http://hc.58.com=4512,河池
http://hd.58.com=1304,邯郸
http://heb.anjuke.com=2301,哈尔滨
http://hebi.anjuke.com=4106,鹤壁
http://hebi.ganji.com=4106,鹤壁
http://hebi.liebiao.com=4106,鹤壁
http://hechi.anjuke.com=4512,河池
http://hechi.ganji.com=4512,河池
http://hechi.liebiao.com=4512,河池
http://hefei.liebiao.com=3401,合肥
http://hegang.58.com=2304,鹤岗
http://hegang.anjuke.com=2304,鹤岗
http://hegang.ganji.com=2304,鹤岗
http://hegang.liebiao.com=2304,鹤岗
http://heihe.58.com=2311,黑河
http://heihe.anjuke.com=2311,黑河
http://heihe.ganji.com=2311,黑河
http://heihe.liebiao.com=2311,黑河
http://hengshui.anjuke.com=1311,衡水
http://hengshui.ganji.com=1311,衡水
http://hengshui.liebiao.com=1311,衡水
http://hengyang.anjuke.com=4304,衡阳
http://hengyang.ganji.com=4304,衡阳
http://hengyang.liebiao.com=4304,衡阳
http://hes.mayanchina.com=6201,兰州
http://hetian.anjuke.com=6532,和田
http://hetian.ganji.com=6532,和田
http://hetian.liebiao.com=6532,和田
http://hexian.58.com=340523,和县
http://hexian.anjuke.com=340523,和县
http://hexi.anjuke.com=6328,海西
http://heyuan.58.com=4416,河源
http://heyuan.anjuke.com=4416,河源
http://heyuan.ganji.com=4416,河源
http://heyuan.liebiao.com=4416,河源
http://heze.58.com=3717,菏泽
http://heze.anjuke.com=3717,菏泽
http://heze.ganji.com=3717,菏泽
http://heze.liebiao.com=3717,菏泽
http://hezhou.58.com=4511,贺州
http://hezhou.anjuke.com=4511,贺州
http://hezhou.ganji.com=4511,贺州
http://hezhou.liebiao.com=4511,贺州
http://hf.58.com=3401,合肥
http://hf.anjuke.com=3401,合肥
http://hf.ganji.com=3401,合肥
http://hg.58.com=4211,黄冈
http://hh.58.com=4312,怀化
http://hk.58.com=8100,香港
http://hlbe.58.com=1507,呼伦贝尔
http://hld.58.com=2114,葫芦岛
http://hljyichun.ganji.com=2307,伊春
http://hlr.58.com=150702,海拉尔
http://hn.58.com=3404,淮南
http://hn.ganji.com=4601,海口
http://honghe.58.com=5325,红河
http://honghe.anjuke.com=5325,红河
http://honghe.ganji.com=5325,红河
http://honghe.liebiao.com=5325,红河
http://hongkong.anjuke.com=8100,香港
http://hq.58.com=341522,霍邱
http://hrb.58.com=2301,哈尔滨
http://hrb.ganji.com=2301,哈尔滨
http://hs.58.com=1311,衡水
http://hshi.58.com=4202,黄石
http://ht.58.com=6532,和田
http://hu.58.com=1501,呼和浩特
http://huaian.anjuke.com=3208,淮安
http://huaian.ganji.com=3208,淮安
http://huaian.liebiao.com=3208,淮安
http://huaibei.58.com=3406,淮北
http://huaibei.anjuke.com=3406,淮北
http://huaibei.ganji.com=3406,淮北
http://huaibei.liebiao.com=3406,淮北
http://huaihua.anjuke.com=4312,怀化
http://huaihua.ganji.com=4312,怀化
http://huaihua.liebiao.com=4312,怀化
http://huainan.anjuke.com=3404,淮南
http://huainan.ganji.com=3404,淮南
http://huainan.liebiao.com=3404,淮南
http://huanggang.anjuke.com=4211,黄冈
http://huanggang.ganji.com=4211,黄冈
http://huanggang.liebiao.com=4211,黄冈
http://huangnan.58.com=6323,黄南
http://huangnan.anjuke.com=6323,黄南
http://huangnan.ganji.com=6323,黄南
http://huangnan.liebiao.com=6323,黄南
http://huangshan.58.com=3410,黄山
http://huangshan.anjuke.com=3410,黄山
http://huangshan.ganji.com=3410,黄山
http://huangshan.liebiao.com=3410,黄山
http://huangshi.anjuke.com=4202,黄石
http://huangshi.ganji.com=4202,黄石
http://huangshi.liebiao.com=4202,黄石
http://huhehaote.anjuke.com=1501,呼和浩特
http://huhehaote.liebiao.com=1501,呼和浩特
http://huidong.58.com=441323,惠东
http://huizhou.58.com=4413,惠州
http://huizhou.anjuke.com=4413,惠州
http://huizhou.ganji.com=4413,惠州
http://huizhou.liebiao.com=4413,惠州
http://huludao.anjuke.com=2114,葫芦岛
http://huludao.ganji.com=2114,葫芦岛
http://huludao.liebiao.com=2114,葫芦岛
http://hulunbeier.anjuke.com=1507,呼伦贝尔
http://hulunbeier.ganji.com=1507,呼伦贝尔
http://hulunbeier.liebiao.com=1507,呼伦贝尔
http://huoqiu.anjuke.com=341522,霍邱
http://huzhou.58.com=3305,湖州
http://huzhou.anjuke.com=3305,湖州
http://huzhou.fangtoo.com=3305,湖州
http://huzhou.ganji.com=3305,湖州
http://huzhou.liebiao.com=3305,湖州
http://hx.58.com=6328,海西
http://hy.58.com=4304,衡阳
http://hz.58.com=3301,杭州
http://hz.eeju.com=3301,杭州
http://hz.ganji.com=3301,杭州
http://ja.58.com=3608,吉安
http://jdz.58.com=3602,景德镇
http://jh.58.com=3307,金华
http://jiamusi.anjuke.com=2308,佳木斯
http://jiamusi.ganji.com=2308,佳木斯
http://jiamusi.liebiao.com=2308,佳木斯
http://jian.anjuke.com=3608,吉安
http://jian.ganji.com=3608,吉安
http://jiangmen.anjuke.com=4407,江门
http://jiangmen.ganji.com=4407,江门
http://jiangmen.liebiao.com=4407,江门
http://jianhu.58.com=320925,建湖
http://jian.liebiao.com=3608,吉安
http://jiaozhou.ganji.com=370281,胶州
http://jiaozuo.58.com=4108,焦作
http://jiaozuo.anjuke.com=4108,焦作
http://jiaozuo.ganji.com=4108,焦作
http://jiaozuo.liebiao.com=4108,焦作
http://jiashanx.58.com=330421,嘉善
http://jiaxing.ganji.com=3304,嘉兴
http://jiaxing.liebiao.com=3304,嘉兴
http://jiayuguan.anjuke.com=6202,嘉峪关
http://jiayuguan.ganji.com=6202,嘉峪关
http://jiayuguan.liebiao.com=6202,嘉峪关
http://jieyang.anjuke.com=4452,揭阳
http://jieyang.ganji.com=4452,揭阳
http://jieyang.liebiao.com=4452,揭阳
http://jilin.anjuke.com=2202,吉林
http://jilin.ganji.com=2202,吉林
http://jilin.liebiao.com=2202,吉林市
http://jimo.ganji.com=370282,即墨
http://jinan.anjuke.com=3701,济南
http://jinan.fangtoo.com=3701,济南
http://jinan.liebiao.com=3701,济南
http://jinchang.58.com=6203,金昌
http://jinchang.anjuke.com=6203,金昌
http://jinchang.ganji.com=6203,金昌
http://jinchang.liebiao.com=6203,金昌
http://jincheng.58.com=1405,晋城
http://jincheng.anjuke.com=1405,晋城
http://jincheng.ganji.com=1405,晋城
http://jincheng.liebiao.com=1405,晋城
http://jingdezhen.anjuke.com=3602,景德镇
http://jingdezhen.ganji.com=3602,景德镇
http://jingdezhen.liebiao.com=3602,景德镇
http://jingjiang.58.com=321282,靖江
http://jingmen.58.com=4208,荆门
http://jingmen.anjuke.com=4208,荆门
http://jingmen.ganji.com=4208,荆门
http://jingmen.liebiao.com=4208,荆门
http://jingzhou.58.com=4210,荆州
http://jingzhou.anjuke.com=4210,荆州
http://jingzhou.ganji.com=4210,荆州
http://jingzhou.liebiao.com=4210,荆州
http://jinhua.anjuhe.com=3307,金华
http://jinhua.ganji.com=3307,金华
http://jinhua.liebiao.com=3307,金华
http://jining.58.com=3708,济宁
http://jining.anjuke.com=3708,济宁
http://jining.ganji.com=3708,济宁
http://jining.liebiao.com=3708,济宁
http://jinjiangshi.58.com=350582,晋江
http://jinzhong.anjuke.com=1407,晋中
http://jinzhong.ganji.com=1407,晋中
http://jinzhong.liebiao.com=1407,晋中
http://jinzhou.58.com=2107,锦州
http://jinzhou.anjuke.com=2107,锦州
http://jinzhou.ganji.com=2107,锦州
http://jinzhou.liebiao.com=2107,锦州
http://jiujiang.anjuke.com=3604,九江
http://jiujiang.ganji.com=3604,九江
http://jiujiang.liebiao.com=3604,九江
http://jiuquan.anjuke.com=6209,酒泉
http://jiuquan.ganji.com=6209,酒泉
http://jiuquan.liebiao.com=6209,酒泉
http://jixi.58.com=2303,鸡西
http://jixi.anjuke.com=2303,鸡西
http://jixi.ganji.com=2303,鸡西
http://jixi.liebiao.com=2303,鸡西
http://jiyuan.58.com=419001,济源
http://jiyuan.anjuke.com=419001,济源
http://jiyuan.ganji.com=419001,济源
http://jiyuan.liebiao.com=419001,济源
http://jj.58.com=3604,九江
http://jl.58.com=2202,吉林
http://jm.58.com=4407,江门
http://jms.58.com=2308,佳木斯
http://jn.58.com=3701,济南
http://jn.ganji.com=3701,济南
http://jq.58.com=6209,酒泉
http://jstaizhou.ganji.com=3212,泰州
http://jx.58.com=3304,嘉兴
http://jx.anjuke.com=3304,嘉兴
http://jxfuzhou.ganji.com=3610,抚州
http://jxyichun.ganji.com=3609,宜春
http://jy.58.com=4452,揭阳
http://jyg.58.com=6202,嘉峪关
http://jz.58.com=1407,晋中
http://kaifeng.58.com=4102,开封
http://kaifeng.anjuke.com=4102,开封
http://kaifeng.ganji.com=4102,开封
http://kaifeng.liebiao.com=4102,开封
http://kashi.anjuke.com=6531,喀什
http://kashi.ganji.com=6531,喀什
http://kashi.liebiao.com=6531,喀什
http://kel.58.com=652801,库尔勒
http://kelamayi.anjuke.com=6502,克拉玛依
http://kelamayi.ganji.com=6502,克拉玛依
http://kelamayi.liebiao.com=6502,克拉玛依
http://kenli.anjuke.com=370521,垦利
http://kezilesu.ganji.com=6530,克孜勒苏
http://kezilesu.liebiao.com=6530,克孜勒苏
http://kl.58.com=370521,垦利
http://klmy.58.com=6502,克拉玛依
http://km.58.com=5301,昆明
http://km.anjuke.com=5301,昆明
http://km.ganji.com=5301,昆明
http://ks.58.com=6531,喀什
http://ks.anjuke.com=320583,昆山
http://kuerle.ganji.com=652801,库尔勒
http://kunming.liebiao.com=5301,昆明
http://kunshan.ganji.com=320583,昆山
http://kzls.58.com=6530,克孜勒苏
http://la.58.com=3415,六安
http://laibin.anjuke.com=4513,来宾
http://laibin.ganji.com=4513,来宾
http://laibin.liebiao.com=4513,来宾
http://laiwu.anjuke.com=3712,莱芜
http://laiwu.ganji.com=3712,莱芜
http://laiwu.liebiao.com=3712,莱芜
http://langfang.anjuke.com=1310,廊坊
http://langfang.ganji.com=1310,廊坊
http://langfang.liebiao.com=1310,廊坊
http://lanzhou.anjuke.com=6201,兰州
http://lanzhou.fangtoo.com=6201,兰州
http://lanzhou.liebiao.com=6201,兰州
http://lasa.58.com=5401,拉萨
http://lasa.anjuke.com=5401,拉萨
http://lasa.liebiao.com=5401,拉萨
http://lb.58.com=4513,来宾
http://lc.58.com=3715,聊城
http://ld.58.com=4313,娄底
http://ledong.liebiao.com=469027,乐东
http://leshan.anjuke.com=5111,乐山
http://leshan.ganji.com=5111,乐山
http://leshan.liebiao.com=5111,乐山
http://lezilesu.anjuke.com=6530,克孜勒苏
http://lf.58.com=1310,廊坊
http://liangshan.58.com=5134,凉山
http://liangshan.anjuke.com=5134,凉山
http://liangshan.ganji.com=5134,凉山
http://liangshan.liebiao.com=5134,凉山
http://lianyungang.anjuke.com=3207,连云港
http://lianyungang.ganji.com=3207,连云港
http://lianyungang.liebiao.com=3207,连云港
http://liaocheng.anjuke.com=3715,聊城
http://liaocheng.ganji.com=3715,聊城
http://liaocheng.liebiao.com=3715,聊城
http://liaoyang.58.com=2110,辽阳
http://liaoyang.anjuke.com=2110,辽阳
http://liaoyang.ganji.com=2110,辽阳
http://liaoyang.liebiao.com=2110,辽阳
http://liaoyuan.58.com=2204,辽源
http://liaoyuan.anjuke.com=2204,辽源
http://liaoyuan.ganji.com=2204,辽源
http://liaoyuan.liebiao.com=2204,辽源
http://lijiang.anjuke.com=5307,丽江
http://lijiang.ganji.com=5307,丽江
http://lijiang.liebiao.com=5307,丽江
http://lincang.58.com=5309,临沧
http://lincang.ganji.com=5309,临沧
http://lincang.liebiao.com=5309,临沧
http://linfen.58.com=1410,临汾
http://linfen.anjuke.com=1410,临汾
http://linfen.ganji.com=1410,临汾
http://linfen.liebiao.com=1410,临汾
http://lingao.liebiao.com=469024,临高
http://lingcang.anjuke.com=5309,临沧
http://lingshui.liebiao.com=469028,陵水
http://linxia.58.com=6229,临夏
http://linxia.anjuke.com=6229,临夏
http://linxia.ganji.com=6229,临夏
http://linxia.liebiao.com=6229,临夏
http://linyi.58.com=3713,临沂
http://linyi.anjuke.com=3713,临沂
http://linyi.ganji.com=3713,临沂
http://linyi.liebiao.com=3713,临沂
http://linyishi.anjuke.com=140821,临猗
http://linyixian.58.com=140821,临猗
http://linzhi.58.com=5426,林芝
http://linzhi.anjuke.com=5426,林芝
http://linzhi.ganji.com=5426,林芝
http://linzhi.liebiao.com=5426,林芝
http://lishui.58.com=3311,丽水
http://lishui.anjuke.com=3311,丽水
http://lishui.ganji.com=3311,丽水
http://lishui.liebiao.com=3311,丽水
http://liupanshui.anjuke.com=5202,六盘水
http://liupanshui.ganji.com=5202,六盘水
http://liupanshui.liebiao.com=5202,六盘水
http://liuzhou.58.com=4502,柳州
http://liuzhou.anjuke.com=4502,柳州
http://liuzhou.ganji.com=4502,柳州
http://liuzhou.liebiao.com=4502,柳州
http://liyang.58.com=320481,溧阳
http://lj.58.com=5307,丽江
http://ln.58.com=6212,陇南
http://longnan.anjuke.com=6212,陇南
http://longnan.ganji.com=6212,陇南
http://longnan.liebiao.com=6212,陇南
http://longyan.anjuke.com=3508,龙岩
http://longyan.ganji.com=3508,龙岩
http://longyan.liebiao.com=3508,龙岩
http://loudi.anjuke.com=4313,娄底
http://loudi.ganji.com=4313,娄底
http://loudi.liebiao.com=4313,娄底
http://lps.58.com=5202,六盘水
http://ls.58.com=5111,乐山
http://luan.anjuke.com=3415,六安
http://luan.ganji.com=3415,六安
http://luan.liebiao.com=3415,六安
http://luohe.58.com=4111,漯河
http://luohe.anjuke.com=4111,漯河
http://luohe.ganji.com=4111,漯河
http://luohe.liebiao.com=4111,漯河
http://luoyang.58.com=4103,洛阳
http://luoyang.anjuke.com=4103,洛阳
http://luoyang.ganji.com=4103,洛阳
http://luoyang.liebiao.com=4103,洛阳
http://luzhou.58.com=5105,泸州
http://luzhou.anjuke.com=5105,泸州
http://luzhou.ganji.com=5105,泸州
http://luzhou.liebiao.com=5105,泸州
http://lvliang.58.com=1411,吕梁
http://lvliang.anjuke.com=1411,吕梁
http://lvliang.ganji.com=1411,吕梁
http://lvliang.liebiao.com=1411,吕梁
http://lw.58.com=3712,莱芜
http://ly.58.com=3508,龙岩
http://lyg.58.com=3207,连云港
http://lz.58.com=6201,兰州
http://lz.ganji.com=6201,兰州
http://maanshan.anjuke.com=3405,马鞍山
http://maanshan.ganji.com=3405,马鞍山
http://maanshan.liebiao.com=3405,马鞍山
http://maoming.anjuke.com=4409,茂名
http://maoming.ganji.com=4409,茂名
http://maoming.liebiao.com=4409,茂名
http://mas.58.com=3405,马鞍山
http://mdj.58.com=2310,牡丹江
http://meishan.anjuke.com=5114,眉山
http://meishan.ganji.com=5114,眉山
http://meishan.liebiao.com=5114,眉山
http://meizhou.anjuke.com=4414,梅州
http://meizhou.ganji.com=4414,梅州
http://meizhou.liebiao.com=4414,梅州
http://mg.58.com=411503,明港
http://mianyang.58.com=5107,绵阳
http://mianyang.anjuke.com=5107,绵阳
http://mianyang.ganji.com=5107,绵阳
http://mianyang.liebiao.com=5107,绵阳
http://minggang.anjuke.com=411503,明港
http://mm.58.com=4409,茂名
http://ms.58.com=5114,眉山
http://mudanjiang.anjuke.com=2310,牡丹江
http://mudanjiang.ganji.com=2310,牡丹江
http://mudanjiang.liebiao.com=2310,牡丹江
http://mz.58.com=4414,梅州
http://nananshi.58.com=350583,南安
http://nanchang.liebiao.com=3601,南昌
http://nanchong.58.com=5113,南充
http://nanchong.anjuke.com=5113,南充
http://nanchong.ganji.com=5113,南充
http://nanchong.liebiao.com=5113,南充
http://nanjing.anjuke.com=3201,南京
http://nanjing.liebiao.com=3201,南京
http://nanning.anjuke.com=4501,南宁
http://nanning.liebiao.com=4501,南宁
http://nanping.anjuke.com=3507,南平
http://nanping.ganji.com=3507,南平
http://nanping.liebiao.com=3507,南平
http://nantong.anjuke.com=3206,南通
http://nantong.ganji.com=3206,南通
http://nantong.liebiao.com=3206,南通
http://nanyang.anjuke.com=4113,南阳
http://nanyang.ganji.com=4113,南阳
http://nanyang.liebiao.com=4113,南阳
http://naqu.anjuke.com=5424,那曲
http://naqu.ganji.com=5424,那曲
http://naqu.liebiao.com=5424,那曲
http://nb.58.com=3302,宁波
http://nb.anjuke.com=3302,宁波
http://nb.ganji.com=3302,宁波
http://nc.58.com=3601,南昌
http://nc.anjuke.com=3601,南昌
http://nc.ganji.com=3601,南昌
http://nd.58.com=3509,宁德
http://neijiang.anjuke.com=5110,内江
http://neijiang.ganji.com=5110,内江
http://neijiang.liebiao.com=5110,内江
http://ningbo.eeju.com=3302,宁波
http://ningbo.fangtoo.com=3302,宁波
http://ningbo.liebiao.com=3302,宁波
http://ningde.anjuke.com=3509,宁德
http://ningde.ganji.com=3509,宁德
http://ningde.liebiao.com=3509,宁德
http://ningguo.58.com=341881,宁国
http://nj.58.com=3201,南京
http://nj.centanet.com=3201,南京
http://nj.eeju.com=3201,南京
http://nj.ganji.com=3201,南京
http://nj.mytophome.com=3201,南京
http://nmg.ganji.com=1501,呼和浩特
http://nn.58.com=4501,南宁
http://nn.ganji.com=4501,南宁
http://np.58.com=3507,南平
http://nq.58.com=5424,那曲
http://nt.58.com=3206,南通
http://nujiang.58.com=5333,怒江
http://nujiang.anjuke.com=5333,怒江
http://nujiang.ganji.com=5333,怒江
http://nujiang.liebiao.com=5333,怒江
http://ny.58.com=4113,南阳
http://panjin.anjuke.com=2111,盘锦
http://panjin.ganji.com=2111,盘锦
http://panjin.liebiao.com=2111,盘锦
http://panzhihua.58.com=5104,攀枝花
http://panzhihua.anjuke.com=5104,攀枝花
http://panzhihua.ganji.com=5104,攀枝花
http://panzhihua.liebiao.com=5104,攀枝花
http://pds.58.com=4104,平顶山
http://pe.58.com=5308,普洱
http://pingdingsha.anjuke.com=4104,平顶山
http://pingdingshan.ganji.com=4104,平顶山
http://pingdingshan.liebiao.com=4104,平顶山
http://pingliang.anjuke.com=6208,平凉
http://pingliang.ganji.com=6208,平凉
http://pingliang.liebiao.com=6208,平凉
http://pingxiang.anjuke.com=3603,萍乡
http://pingxiang.ganji.com=3603,萍乡
http://pingxiang.liebiao.com=3603,萍乡
http://pixian.ganji.com=510124,郫县
http://pizhou.58.com=320382,邳州
http://pj.58.com=2111,盘锦
http://pl.58.com=6208,平凉
http://pld.58.com=210283,庄河
http://pt.58.com=3503,莆田
http://puer.anjuke.com=5308,普洱
http://puer.ganji.com=5308,普洱
http://puer.liebiao.com=5308,普洱
http://putian.anjuke.com=3503,莆田
http://putian.ganji.com=3503,莆田
http://putian.liebiao.com=3503,莆田
http://puyang.58.com=4109,濮阳
http://puyang.anjuke.com=4109,濮阳
http://puyang.ganji.com=4109,濮阳
http://puyang.liebiao.com=4109,濮阳
http://px.58.com=3603,萍乡
http://qd.58.com=3702,青岛
http://qd.anjuke.com=3702,青岛
http://qd.ganji.com=3702,青岛
http://qdn.58.com=5226,黔东南
http://qh.58.com=469002,琼海
http://qhd.58.com=1303,秦皇岛
http://qh.ganji.com=469002,琼海
http://qiandongnan.anjuke.com=5226,黔东南
http://qiandongnan.ganji.com=5226,黔东南
http://qiandongnan.liebiao.com=5226,黔东南
http://qianjiang.58.com=429005,潜江
http://qianjiang.anjuke.com=429005,潜江
http://qianjiang.ganji.com=429005,潜江
http://qianjiang.liebiao.com=429005,潜江
http://qiannan.anjuke.com=5227,黔南
http://qiannan.ganji.com=5227,黔南
http://qiannan.liebiao.com=5227,黔南
http://qianxinan.anjuke.com=5223,黔西南
http://qianxinan.ganji.com=5223,黔西南
http://qianxinan.liebiao.com=5223,黔西南
http://qidong.58.com=320681,启东
http://qingdao.liebiao.com=3702,青岛
http://qingxu.58.com=140121,清徐
http://qingxu.anjuke.com=140121,清徐
http://qingyang.58.com=6210,庆阳
http://qingyang.anjuke.com=6210,庆阳
http://qingyang.ganji.com=6210,庆阳
http://qingyang.liebiao.com=6210,庆阳
http://qingyuan.58.com=4418,清远
http://qingyuan.anjuke.com=4418,清远
http://qingyuan.ganji.com=4418,清远
http://qingyuan.liebiao.com=4418,清远
http://qinhuangdao.anjuke.com=1303,秦皇岛
http://qinhuangdao.ganji.com=1303,秦皇岛
http://qinhuangdao.liebiao.com=1303,秦皇岛
http://qinzhou.58.com=4507,钦州
http://qinzhou.anjuke.com=4507,钦州
http://qinzhou.ganji.com=4507,钦州
http://qinzhou.liebiao.com=4507,钦州
http://qionghai.liebiao.com=469002,琼海
http://qiongzhong.liebiao.com=469030,琼中
http://qiqihaer.anjuke.com=2302,齐齐哈尔
http://qiqihaer.ganji.com=2302,齐齐哈尔
http://qiqihaer.liebiao.com=2302,齐齐哈尔
http://qitaihe.anjuke.com=2309,七台河
http://qitaihe.ganji.com=2309,七台河
http://qitaihe.liebiao.com=2309,七台河
http://qj.58.com=5303,曲靖
http://qn.58.com=5227,黔南
http://qqhr.58.com=2302,齐齐哈尔
http://qth.58.com=2309,七台河
http://quanzhou.anjuke.com=3505,泉州
http://quanzhou.ganji.com=3505,泉州
http://quanzhou.liebiao.com=3505,泉州
http://qujing.anjuke.com=5303,曲靖
http://qujing.ganji.com=5303,曲靖
http://qujing.liebiao.com=5303,曲靖
http://quzhou.58.com=3308,衢州
http://quzhou.anjuke.com=3308,衢州
http://quzhou.ganji.com=3308,衢州
http://quzhou.liebiao.com=3308,衢州
http://qxn.58.com=5223,黔西南
http://qz.58.com=3505,泉州
http://rikaze.ganji.com=5402,日喀则
http://rikaze.liebiao.com=5402,日喀则
http://rikeze.anjuke.com=5402,日喀则
http://rizhao.58.com=3711,日照
http://rizhao.anjuke.com=3711,日照
http://rizhao.ganji.com=3711,日照
http://rizhao.liebiao.com=3711,日照
http://rkz.58.com=5402,日喀则
http://rudong.58.com=320623,如东
http://rugao.58.com=320682,如皋
http://ruian.anjuke.com=330381,瑞安
http://ruiancity.58.com=330381,瑞安
http://sale.wofang.com=4601,海口
http://sanmenxia.anjuke.com=4112,三门峡
http://sanmenxia.ganji.com=4112,三门峡
http://sanmenxia.liebiao.com=4112,三门峡
http://sanming.anjuke.com=3504,三明
http://sanming.ganji.com=3504,三明
http://sanming.liebiao.com=3504,三明
http://sansha.58.com=4603,三沙
http://sansha.anjuke.com=4603,三沙
http://sansha.liebiao.com=4603,三沙
http://sanya.58.com=4602,三亚
http://sanya.anjuke.com=4602,三亚
http://sanya.ganji.com=4602,三亚
http://sanya.liebiao.com=4602,三亚
http://scnj.58.com=5110,内江
http://sd.58.com=440606,顺德
http://sg.58.com=4402,韶关
http://sh.58.com=3101,上海
http://shanghai.anjuke.com=3101,上海
http://shanghai.koofang.com=3101,上海
http://shanghai.liebiao.com=3101,上海
http://shangluo.anjuke.com=6110,商洛
http://shangluo.ganji.com=6110,商洛
http://shangluo.liebiao.com=6110,商洛
http://shangqiu.anjuke.com=4114,商丘
http://shangqiu.ganji.com=4114,商丘
http://shangqiu.liebiao.com=4114,商丘
http://shangrao.anjuke.com=3611,上饶
http://shangrao.ganji.com=3611,上饶
http://shangrao.liebiao.com=3611,上饶
http://shannan.anjuke.com=5422,山南
http://shannan.ganji.com=5422,山南
http://shannan.liebiao.com=5422,山南
http://shantou.anjuke.com=4405,汕头
http://shantou.ganji.com=4405,汕头
http://shantou.liebiao.com=4405,汕头
http://shanwei.anjuke.com=4415,汕尾
http://shanwei.ganji.com=4415,汕尾
http://shanwei.liebiao.com=4415,汕尾
http://shaoguan.anjuke.com=4402,韶关
http://shaoguan.ganji.com=4402,韶关
http://shaoguan.liebiao.com=4402,韶关
http://shaoxing.anjuke.com=3306,绍兴
http://shaoxing.ganji.com=3306,绍兴
http://shaoxing.liebiao.com=3306,绍兴
http://shaoyang.58.com=4305,邵阳
http://shaoyang.anjuke.com=4305,邵阳
http://shaoyang.ganji.com=4305,邵阳
http://shaoyang.liebiao.com=4305,邵阳
http://sh.centanet.com=3101,上海
http://sh.eeju.com=3101,上海
http://shennongjia.anjuke.com=429021,神农架
http://shennongjia.ganji.com=429021,神农架
http://shennongjia.liebiao.com=429021,神农架
http://shenyang.liebiao.com=2101,沈阳
http://shenzhen.anjuke.com=4403,深圳
http://shenzhen.jjshome.com=4403,深圳
http://shenzhen.liebiao.com=4403,深圳
http://sh.ganji.com=3101,上海
http://shihezi.anjuke.com=659001,石河子
http://shihezi.ganji.com=659001,石河子
http://shihezi.liebiao.com=659001,石河子
http://shijiazhuang.liebiao.com=1301,石家庄
http://shishi.58.com=350581,石狮
http://shiyan.58.com=4203,十堰
http://shiyan.anjuke.com=4203,十堰
http://shiyan.ganji.com=4203,十堰
http://shiyan.liebiao.com=4203,十堰
http://shizuishan.anjuke.com=6402,石嘴山
http://shizuishan.ganji.com=6402,石嘴山
http://shizuishan.liebiao.com=6402,石嘴山
http://shouguang.58.com=370783,寿光
http://shuangliu.ganji.com=510122,双流
http://shuangyashan.anjuke.com=2305,双鸭山
http://shuangyashan.ganji.com=2305,双鸭山
http://shuangyashan.liebiao.com=2305,双鸭山
http://shunde.anjuke.com=440606,顺德
http://shuozhou.58.com=1406,朔州
http://shuozhou.anjuke.com=1406,朔州
http://shuozhou.ganji.com=1406,朔州
http://shuozhou.liebiao.com=1406,朔州
http://shuyang.58.com=321322,沭阳
http://shuyang.anjuke.com=321322,沭阳
http://shz.58.com=659001,石河子
http://siping.anjuke.com=2203,四平
http://siping.ganji.com=2203,四平
http://siping.liebiao.com=2203,四平
http://sjz.58.com=1301,石家庄
http://sjz.anjuke.com=1301,石家庄
http://sjz.ganji.com=1301,石家庄
http://sl.58.com=6110,商洛
http://sm.58.com=3504,三明
http://smx.58.com=4112,三门峡
http://sn.58.com=5422,山南
http://snj.58.com=429021,神农架
http://songyuan.58.com=2207,松原
http://songyuan.anjuke.com=2207,松原
http://songyuan.ganji.com=2207,松原
http://songyuan.liebiao.com=2207,松原
http://sp.58.com=2203,四平
http://sq.58.com=4114,商丘
http://sr.58.com=3611,上饶
http://st.58.com=4405,汕头
http://su.58.com=3205,苏州
http://su.fang.anjuke.com=3205,苏州
http://su.ganji.com=3205,苏州
http://suihua.58.com=2312,绥化
http://suihua.anjuke.com=2312,绥化
http://suihua.ganji.com=2312,绥化
http://suihua.liebiao.com=2312,绥化
http://suining.58.com=5109,遂宁
http://suining.anjuke.com=5109,遂宁
http://suining.ganji.com=5109,遂宁
http://suining.liebiao.com=5109,遂宁
http://suizhou.58.com=4213,随州
http://suizhou.anjuke.com=4213,随州
http://suizhou.ganji.com=4213,随州
http://suizhou.liebiao.com=4213,随州
http://suqian.58.com=3213,宿迁
http://suqian.anjuke.com=3213,宿迁
http://suqian.ganji.com=3213,宿迁
http://suqian.liebiao.com=3213,宿迁
http://suzh.liebiao.com=3413,宿州
http://suzhou.58.com=3413,宿州
http://suzhou.anjuke.com=3205,苏州
http://suzhou.eeju.com=3205,苏州
http://suzhou.ganji.com=3205,苏州
http://suzhou.liebiao.com=3205,苏州
http://suzhoushi.anjuke.com=3413,宿州
http://sw.58.com=4415,汕尾
http://sx.58.com=3306,绍兴
http://sxyulin.ganji.com=6108,榆林
http://sy.517.cc=2101,沈阳
http://sy.58.com=2101,沈阳
http://sy.anjuke.com=2101,沈阳
http://sy.ganji.com=2101,沈阳
http://sys.58.com=2305,双鸭山
http://sz.58.com=4403,深圳
http://sz.centanet.com=4403,深圳
http://sz.eeju.com=4403,深圳
http://sz.ganji.com=4403,深圳
http://szs.58.com=6402,石嘴山
http://ta.58.com=3709,泰安
http://tacheng.ganji.com=6542,塔城
http://tacheng.liebiao.com=6542,塔城
http://taian.anjuke.com=3709,泰安
http://taian.ganji.com=3709,泰安
http://taian.liebiao.com=3709,泰安
http://taishan.58.com=440781,台山
http://taishan.anjuke.com=440781,台山
http://taiwan.anjuke.com=7100,台湾
http://taixing.58.com=321283,泰兴
http://taiyuan.liebiao.com=1401,太原
http://taiz.anjuke.com=3310,台州
http://taizh.liebiao.com=3212,泰州
http://taizhou.58.com=3212,泰州
http://taizhou.anjuke.com=3212,泰州
http://taizhou.fangtoo.com=3310,台州
http://taizhou.liebiao.com=3310,台州
http://tangshan.anjuke.com=1302,唐山
http://tangshan.ganji.com=1302,唐山
http://tangshan.liebiao.com=1302,唐山
http://tc.58.com=6102,铜川
http://th.58.com=2205,通化
http://tianchang.58.com=341181,天长
http://tianjin.anjuke.com=1201,天津
http://tianjin.liebiao.com=1201,天津
http://tianmen.anjuke.com=429006,天门
http://tianmen.ganji.com=429006,天门
http://tianmen.liebiao.com=429006,天门
http://tianshui.58.com=6205,天水
http://tianshui.anjuke.com=6205,天水
http://tianshui.ganji.com=6205,天水
http://tianshui.liebiao.com=6205,天水
http://tieling.anjuke.com=2112,铁岭
http://tieling.ganji.com=2112,铁岭
http://tieling.liebiao.com=2112,铁岭
http://tj.58.com=1201,天津
http://tj.centanet.com=1201,天津
http://tj.eeju.com=1201,天津
http://tj.ganji.com=1201,天津
http://tl.58.com=2112,铁岭
http://tlf.58.com=6521,吐鲁番
http://tm.58.com=429006,天门
http://tmsk.58.com=659003,图木舒克
http://tongcheng.58.com=340881,桐城
http://tongcheng.anjuke.com=340881,桐城
http://tongchuan.anjuke.com=6102,铜川
http://tongchuan.ganji.com=6102,铜川
http://tongchuan.liebiao.com=6102,铜川
http://tonghua.anjuke.com=2205,通化
http://tonghua.ganji.com=2205,通化
http://tonghua.liebiao.com=2205,通化
http://tongliao.58.com=1505,通辽
http://tongliao.anjuke.com=1505,通辽
http://tongliao.ganji.com=1505,通辽
http://tongliao.liebiao.com=1505,通辽
http://tongling.58.com=3407,铜陵
http://tongling.anjuke.com=3407,铜陵
http://tongling.ganji.com=3407,铜陵
http://tongling.liebiao.com=3407,铜陵
http://tongren.anjuke.com=5206,铜仁
http://tongren.ganji.com=5206,铜仁
http://tongren.liebiao.com=5206,铜仁
http://tongxiang.58.com=330483,桐乡
http://tr.58.com=5206,铜仁
http://ts.58.com=1302,唐山
http://tulufan.anjuke.com=6521,吐鲁番
http://tulufan.ganji.com=6521,吐鲁番
http://tulufan.liebiao.com=6521,吐鲁番
http://tumushuke.anjuke.com=659003,图木舒克
http://tumushuke.ganji.com=659003,图木舒克
http://tumushuke.liebiao.com=659003,图木舒克
http://tunchang.liebiao.com=469022,屯昌
http://tw.58.com=7100,台湾
http://ty.58.com=1401,太原
http://ty.anjuke.com=1401,太原
http://ty.ganji.com=1401,太原
http://tz.58.com=3310,台州
http://wafangdian.anjuke.com=210281,瓦房店
http://wanning.liebiao.com=469006,万宁
http://weifang.anjuke.com=3707,潍坊
http://weifang.ganji.com=3707,潍坊
http://weifang.liebiao.com=3707,潍坊
http://wei.ganji.com=3710,威海
http://weihai.58.com=3710,威海
http://weihai.anjuke.com=3710,威海
http://weihai.liebiao.com=3710,威海
http://weinan.anjuke.com=6105,渭南
http://weinan.ganji.com=6105,渭南
http://weinan.liebiao.com=6105,渭南
http://weizhong.anjuke.com=6405,中卫
http://wenchang.liebiao.com=469005,文昌
http://wenling.58.com=331081,温岭
http://wenshan.anjuke.com=5326,文山
http://wenshan.ganji.com=5326,文山
http://wenshan.liebiao.com=5326,文山
http://wenzhou.anjuke.com=3303,温州
http://wenzhou.ganji.com=3303,温州
http://wenzhou.liebiao.com=3303,温州
http://wf.58.com=3707,潍坊
http://wfd.58.com=210281,瓦房店
http://wh.58.com=4201,武汉
http://wh.eeju.com=4201,武汉
http://wh.ganji.com=4201,武汉
http://wjq.58.com=659004,五家渠
http://wlcb.58.com=1509,乌兰察布
http://wn.58.com=6105,渭南
http://ws.58.com=5326,文山
http://wuhai.58.com=1503,乌海
http://wuhai.anjuke.com=1503,乌海
http://wuhai.ganji.com=1503,乌海
http://wuhai.liebiao.com=1503,乌海
http://wuhan.anjuke.com=4201,武汉
http://wuhan.liebiao.com=4201,武汉
http://wuhu.58.com=3402,芜湖
http://wuhu.anjuke.com=3402,芜湖
http://wuhu.ganji.com=3402,芜湖
http://wuhu.liebiao.com=3402,芜湖
http://wujiaqu.anjuke.com=659004,五家渠
http://wujiaqu.ganji.com=659004,五家渠
http://wujiaqu.liebiao.com=659004,五家渠
http://wulanchabu.anjuke.com=1509,乌兰察布
http://wulanchabu.ganji.com=1509,乌兰察布
http://wulanchabu.liebiao.com=1509,乌兰察布
http://wulumuqi.anjuke.com=6501,乌鲁木齐
http://wulumuqi.liebiao.com=6501,乌鲁木齐
http://wuwei.58.com=6206,武威
http://wuwei.anjuke.com=6206,武威
http://wuwei.ganji.com=6206,武威
http://wuwei.liebiao.com=6206,武威
http://wuxi.anjuke.com=3202,无锡
http://wuxi.eeju.com=3202,无锡
http://wuxi.liebiao.com=3202,无锡
http://wuyishan.58.com=350782,武夷山
http://wuyishan.anjuke.com=350782,武夷山
http://wuzhishan.anjuke.com=469001,五指山
http://wuzhishan.ganji.com=469001,五指山
http://wuzhishan.liebiao.com=469001,五指山
http://wuzhong.58.com=6403,吴忠
http://wuzhong.anjuke.com=6403,吴忠
http://wuzhong.ganji.com=6403,吴忠
http://wuzhong.liebiao.com=6403,吴忠
http://wuzhou.58.com=4504,梧州
http://wuzhou.anjuke.com=4504,梧州
http://wuzhou.ganji.com=4504,梧州
http://wuzhou.liebiao.com=4504,梧州
http://www.0543fcw.com=3716,滨州
http://www.517.cn=2101,沈阳
http://www.aft888.com=2101,沈阳
http://www.dooioo.com=3101,上海
http://www.hkproperty.com=8100,香港
http://www.huidahouse.cn=3401,合肥
http://www.sjjtx.com=3501,福州
http://www.twproperty.com.tw=7100,台湾
http://www.xlfdc.net=2201,长春
http://www.yfdc988.com=4401,广州
http://wx.58.com=3202,无锡
http://wx.fang.anjuke.com=3202,无锡
http://wx.ganji.com=3202,无锡
http://wz.58.com=3303,温州
http://wzs.58.com=469001,五指山
http://xa.58.com=6101,西安
http://xa.anjuke.com=6101,西安
http://xa.eeju.com=6101,西安
http://xa.ganji.com=6101,西安
http://xam.58.com=1522,兴安盟
http://xc.58.com=4110,许昌
http://xf.58.com=4206,襄阳
http://xiamen.liebiao.com=3502,厦门
http://xian.ganji.com=6101,西安
http://xiangfan.liebiao.com=4206,襄樊
http://xianggang.anjuke.com=8100,香港
http://xianggang.ganji.com=8100,香港
http://xiangshanxian.58.com=330225,象山
http://xiangtan.58.com=4303,湘潭
http://xiangtan.anjuke.com=4303,湘潭
http://xiangtan.ganji.com=4303,湘潭
http://xiangtan.liebiao.com=4303,湘潭
http://xiangxi.58.com=4331,湘西
http://xiangxi.anjuke.com=4331,湘西
http://xiangxi.ganji.com=4331,湘西
http://xiangxi.liebiao.com=4331,湘西
http://xiangyang.anjuke.com=4206,襄阳
http://xiangyang.ganji.com=4206,襄阳
http://xian.liebiao.com=6101,西安
http://xianning.58.com=4212,咸宁
http://xianning.anjuke.com=4212,咸宁
http://xianning.ganji.com=4212,咸宁
http://xianning.liebiao.com=4212,咸宁
http://xiantao.58.com=429004,仙桃
http://xiantao.anjuke.com=429004,仙桃
http://xiantao.ganji.com=429004,仙桃
http://xiantao.liebiao.com=429004,仙桃
http://xianyang.58.com=6104,咸阳
http://xianyang.anjuke.com=6104,咸阳
http://xianyang.ganji.com=6104,咸阳
http://xianyang.liebiao.com=6104,咸阳
http://xiaogan.58.com=4209,孝感
http://xiaogan.anjuke.com=4209,孝感
http://xiaogan.ganji.com=4209,孝感
http://xiaogan.liebiao.com=4209,孝感
http://xilinguole.anjuke.com=1525,锡林郭勒盟
http://xilinguole.ganji.com=1525,锡林郭勒
http://xilinguole.liebiao.com=1525,锡林郭勒
http://xingan.ganji.com=1522,兴安
http://xingan.liebiao.com=1522,兴安
http://xinganmeng.anjuke.com=1522,兴安盟
http://xinghuashi.58.com=321281,兴化
http://xingtai.anjuke.com=1305,邢台
http://xingtai.ganji.com=1305,邢台
http://xingtai.liebiao.com=1305,邢台
http://xining.anjuke.com=6301,西宁
http://xining.liebiao.com=6301,西宁
http://xinxiang.anjuke.com=4107,新乡
http://xinxiang.ganji.com=4107,新乡
http://xinxiang.liebiao.com=4107,新乡
http://xinyang.anjuke.com=4115,信阳
http://xinyang.ganji.com=4115,信阳
http://xinyang.liebiao.com=4115,信阳
http://xinyishi.58.com=320381,新沂
http://xinyu.58.com=3605,新余
http://xinyu.anjuke.com=3605,新余
http://xinyu.ganji.com=3605,新余
http://xinyu.liebiao.com=3605,新余
http://xinzhou.58.com=1409,忻州
http://xinzhou.anjuke.com=1409,忻州
http://xinzhou.ganji.com=1409,忻州
http://xinzhou.liebiao.com=1409,忻州
http://xishuangbanna.ganji.com=5328,西双版纳
http://xishuangbanna.liebiao.com=5328,西双版纳
http://xj.58.com=6501,乌鲁木齐
http://xj.ganji.com=6501,乌鲁木齐
http://xl.58.com=1525,锡林郭勒
http://xm.58.com=3502,厦门
http://xm.anjuke.com=3502,厦门
http://xm.ganji.com=3502,厦门
http://xn.58.com=6301,西宁
http://xn.ganji.com=6301,西宁
http://xt.58.com=1305,邢台
http://xuancheng.58.com=3418,宣城
http://xuancheng.anjuke.com=3418,宣城
http://xuancheng.ganji.com=3418,宣城
http://xuancheng.liebiao.com=3418,宣城
http://xuchang.anjuke.com=4110,许昌
http://xuchang.ganji.com=4110,许昌
http://xuchang.liebiao.com=4110,许昌
http://xuzhou.anjuke.com=3203,徐州
http://xuzhou.ganji.com=3203,徐州
http://xuzhou.liebiao.com=3203,徐州
http://xx.58.com=4107,新乡
http://xy.58.com=4115,信阳
http://xz.58.com=3203,徐州
http://xz.ganji.com=5401,拉萨
http://xzpeixian.58.com=320322,沛县
http://ya.58.com=5118,雅安
http://yaan.anjuke.com=5118,雅安
http://yaan.ganji.com=5118,雅安
http://yaan.liebiao.com=5118,雅安
http://yanan.58.com=6106,延安
http://yanan.anjuke.com=6106,延安
http://yanan.ganji.com=6106,延安
http://yanan.liebiao.com=6106,延安
http://yanbian.58.com=2224,延边
http://yanbian.anjuke.com=2224,延边
http://yanbian.ganji.com=2224,延边
http://yanbian.liebiao.com=2224,延边
http://yancheng.58.com=3209,盐城
http://yancheng.anjuke.com=3209,盐城
http://yancheng.ganji.com=3209,盐城
http://yancheng.liebiao.com=3209,盐城
http://yangchun.58.com=441781,阳春
http://yangchun.anjuke.com=441781,阳春
http://yangjiang.anjuke.com=4417,阳江
http://yangjiang.ganji.com=4417,阳江
http://yangjiang.liebiao.com=4417,阳江
http://yangquan.anjuke.com=1403,阳泉
http://yangquan.ganji.com=1403,阳泉
http://yangquan.liebiao.com=1403,阳泉
http://yangzhong.58.com=321182,扬中
http://yangzhou.anjuke.com=3210,扬州
http://yangzhou.ganji.com=3210,扬州
http://yangzhou.liebiao.com=3210,扬州
http://yanling.58.com=411024,鄢陵
http://yanling.anjuke.com=411024,鄢陵
http://yantai.ganji.com=3706,烟台
http://yantai.liebiao.com=3706,烟台
http://yb.58.com=5115,宜宾
http://yc.58.com=4205,宜昌
http://yc.ganji.com=6401,银川
http://yf.58.com=4453,云浮
http://yibin.anjuke.com=5115,宜宾
http://yibin.ganji.com=5115,宜宾
http://yibin.liebiao.com=5115,宜宾
http://yich.58.com=2307,伊春
http://yichang.anjuke.com=4205,宜昌
http://yichang.ganji.com=4205,宜昌
http://yichang.liebiao.com=4205,宜昌
http://yich.liebiao.com=3609,宜春
http://yichun.58.com=3609,宜春
http://yichun.anjuke.com=3609,宜春
http://yichun.liebiao.com=2307,伊春
http://yichunshi.anjuke.com=2307,伊春
http://yidou.58.com=420581,宜都
http://yili.58.com=6540,伊犁
http://yili.anjuke.com=6540,伊犁
http://yili.ganji.com=6540,伊犁
http://yili.liebiao.com=6540,伊犁
http://yinchuan.58.com=6401,银川
http://yinchuan.anjuke.com=6401,银川
http://yinchuan.ganji.com=6401,银川
http://yinchuan.liebiao.com=6401,银川
http://yingkou.anjuke.com=2108,营口
http://yingkou.ganji.com=2108,营口
http://yingkou.liebiao.com=2108,营口
http://yingtan.58.com=3606,鹰潭
http://yingtan.anjuke.com=3606,鹰潭
http://yingtan.ganji.com=3606,鹰潭
http://yingtan.liebiao.com=3606,鹰潭
http://yiwu.58.com=330782,义乌
http://yiwu.anjuke.com=330782,义乌
http://yiwu.ganji.com=330782,义乌
http://yiyang.58.com=4309,益阳
http://yiyang.anjuke.com=4309,益阳
http://yiyang.ganji.com=4309,益阳
http://yiyang.liebiao.com=4309,益阳
http://yj.58.com=4417,阳江
http://yk.58.com=2108,营口
http://yl.58.com=6108,榆林
http://yongxin.anjuke.com=360830,永新
http://yongzhou.58.com=4311,永州
http://yongzhou.anjuke.com=4311,永州
http://yongzhou.ganji.com=4311,永州
http://yongzhou.liebiao.com=4311,永州
http://yq.58.com=1403,阳泉
http://ys.58.com=6327,玉树
http://yt.58.com=3706,烟台
http://yt.anjuke.com=3706,烟台
http://yueqing.anjuke.com=330382,乐清
http://yueqingcity.58.com=330382,乐清
http://yueyang.anjuke.com=4306,岳阳
http://yueyang.ganji.com=4306,岳阳
http://yueyang.liebiao.com=4306,岳阳
http://yufu.anjuke.com=4453,云浮
http://yulin.58.com=4509,玉林
http://yulin.anjuke.com=6108,榆林
http://yulin.liebiao.com=4509,玉林
http://yulinshi.anjuke.com=4509,玉林
http://yul.liebiao.com=6108,榆林
http://yuncheng.58.com=1408,运城
http://yuncheng.anjuke.com=1408,运城
http://yuncheng.ganji.com=1408,运城
http://yuncheng.liebiao.com=1408,运城
http://yunfu.ganji.com=4453,云浮
http://yunfu.liebiao.com=4453,云浮
http://yushu.anjuke.com=6327,玉树
http://yushu.ganji.com=6327,玉树
http://yushu.liebiao.com=6327,玉树
http://yuxi.anjuke.com=5304,玉溪
http://yuxi.ganji.com=5304,玉溪
http://yuxi.liebiao.com=5304,玉溪
http://yuyao.58.com=330281,余姚
http://yuzhou.58.com=411081,禹州
http://yuzhou.anjuke.com=411081,禹州
http://yx.58.com=5304,玉溪
http://yxx.58.com=360830,永新
http://yy.58.com=4306,岳阳
http://yz.58.com=3210,扬州
http://zaozhuang.58.com=3704,枣庄
http://zaozhuang.anjuke.com=3704,枣庄
http://zaozhuang.ganji.com=3704,枣庄
http://zaozhuang.liebiao.com=3704,枣庄
http://zb.58.com=3703,淄博
http://zc.58.com=370782,诸城
http://zd.58.com=130123,正定
http://zg.58.com=5103,自贡
http://zh.58.com=4404,珠海
http://zhangbei.58.com=130722,张北
http://zhangbei.anjuke.com=130722,张北
http://zhangjiajie.anjuke.com=4308,张家界
http://zhangjiajie.ganji.com=4308,张家界
http://zhangjiajie.liebiao.com=4308,张家界
http://zhangjiakou.anjuke.com=1307,张家口
http://zhangjiakou.ganji.com=1307,张家口
http://zhangjiakou.liebiao.com=1307,张家口
http://zhangqiu.58.com=370181,章丘
http://zhangqiu.anjuke.com=370181,章丘
http://zhangye.58.com=6207,张掖
http://zhangye.anjuke.com=6207,张掖
http://zhangye.ganji.com=6207,张掖
http://zhangye.liebiao.com=6207,张掖
http://zhangzhou.58.com=3506,漳州
http://zhangzhou.anjuke.com=3506,漳州
http://zhangzhou.ganji.com=3506,漳州
http://zhangzhou.liebiao.com=3506,漳州
http://zhanjiang.58.com=4408,湛江
http://zhanjiang.anjuke.com=4408,湛江
http://zhanjiang.ganji.com=4408,湛江
http://zhanjiang.liebiao.com=4408,湛江
http://zh.anjuke.com=4404,珠海
http://zhaoqing.anjuke.com=4412,肇庆
http://zhaoqing.ganji.com=4412,肇庆
http://zhaoqing.liebiao.com=4412,肇庆
http://zhaotong.anjuke.com=5306,昭通
http://zhaotong.ganji.com=5306,昭通
http://zhaotong.liebiao.com=5306,昭通
http://zhaoxian.anjuke.com=130133,赵县
http://zhengding.anjuke.com=130123,正定
http://zhengzhou.anjuke.com=4101,郑州
http://zhengzhou.liebiao.com=4101,郑州
http://zhenjiang.anjuke.com=3211,镇江
http://zhenjiang.ganji.com=3211,镇江
http://zhenjiang.liebiao.com=3211,镇江
http://zh.mytophome.com=4404,珠海
http://zhongshan.ganji.com=4420,中山
http://zhongshan.liebiao.com=4420,中山
http://zhongwei.ganji.com=6405,中卫
http://zhongwei.liebiao.com=6405,中卫
http://zhoukou.anjuke.com=4116,周口
http://zhoukou.ganji.com=4116,周口
http://zhoukou.liebiao.com=4116,周口
http://zhoushan.58.com=3309,舟山
http://zhoushan.anjuke.com=3309,舟山
http://zhoushan.fangtoo.com=3309,舟山
http://zhoushan.ganji.com=3309,舟山
http://zhoushan.liebiao.com=3309,舟山
http://zhuanghe.anjuke.com=210283,庄河
http://zhucheng.anjuke.com=370782,诸城
http://zhuhai.ganji.com=4404,珠海
http://zhuhai.liebiao.com=4404,珠海
http://zhuji.58.com=330681,诸暨
http://zhumadian.anjuke.com=4117,驻马店
http://zhumadian.ganji.com=4117,驻马店
http://zhumadian.liebiao.com=4117,驻马店
http://zhuzhou.58.com=4302,株洲
http://zhuzhou.anjuke.com=4302,株洲
http://zhuzhou.ganji.com=4302,株洲
http://zhuzhou.liebiao.com=4302,株洲
http://zibo.anjuke.com=3703,淄博
http://zibo.ganji.com=3703,淄博
http://zibo.liebiao.com=3703,淄博
http://zigong.anjuke.com=5103,自贡
http://zigong.ganji.com=5103,自贡
http://zigong.liebiao.com=5103,自贡
http://ziyang.anjuke.com=5120,资阳
http://ziyang.ganji.com=5120,资阳
http://ziyang.liebiao.com=5120,资阳
http://zj.58.com=3211,镇江
http://zjj.58.com=4308,张家界
http://zjk.58.com=1307,张家口
http://zjtaizhou.ganji.com=3310,台州
http://zk.58.com=4116,周口
http://zmd.58.com=4117,驻马店
http://zq.58.com=4412,肇庆
http://zs.58.com=4420,中山
http://zs.anjuke.com=4420,中山
http://zs.mytophome.com=4420,中山
http://zt.58.com=5306,昭通
http://zunyi.58.com=5203,遵义
http://zunyi.anjuke.com=5203,遵义
http://zunyi.ganji.com=5203,遵义
http://zunyi.liebiao.com=5203,遵义
http://zw.58.com=6405,中卫
http://zx.58.com=130133,赵县
http://zy.58.com=5120,资阳
http://zz.58.com=4101,郑州
http://zz.ganji.com=4101,郑州
http://changjiang.cityhouse.cn=469026,昌江
http://kz.cityhouse.cn=6530,克州
http://hnz.cityhouse.cn=6325,海南州
http://beitun.cityhouse.cn=659005,北屯
http://www.fcg.ccoo.cn=4506,防城港
http://as.cityhouse.cn=2103,鞍山
http://xingan.cityhouse.cn=1522,兴安
http://bozhouxj.cityhouse.cn=6527,博州
